<?xml version="1.0" encoding="UTF-8"?>
<testsuite xmlns:xsi="http://www.w3.org/2001/XMLSchema-instance" xsi:noNamespaceSchemaLocation="https://maven.apache.org/surefire/maven-surefire-plugin/xsd/surefire-test-report-3.0.xsd" version="3.0" name="com.prophecy.testing.runners.StageByStageTestRunner" time="7.11" tests="18" errors="0" skipped="0" failures="18">
  <properties>
[...]
</properties>
  <testcase name="runScenario[&quot;Test complete pipeline stage by stage with generated data&quot;, &quot;Stage-by-Stage Pipeline Testing&quot;](1)" classname="com.prophecy.testing.runners.StageByStageTestRunner" time="1.349">
    <failure message="Could not start a new session. Response code 500. Message: session not created&#10;from unknown error: cannot find Chrome binary &#10;Host info: host: &apos;runtime-swxtlnvtrtahcmhe-55cdc54bc7-mx25l&apos;, ip: &apos;10.2.82.11&apos;&#10;Build info: version: &apos;4.15.0&apos;, revision: &apos;1d14b5521b&apos;&#10;System info: os.name: &apos;Linux&apos;, os.arch: &apos;amd64&apos;, os.version: &apos;5.15.0-1078-gke&apos;, java.version: &apos;17.0.15&apos;&#10;Driver info: org.openqa.selenium.chrome.ChromeDriver&#10;Command: [null, newSession {capabilities=[Capabilities {browserName: chrome, goog:chromeOptions: {args: [--no-sandbox, --disable-dev-shm-usage, --disable-gpu, --window-size=1920,1080, --disable-extensions, --disable-web-security, --allow-running-insecure-co...], extensions: []}}]}]" type="org.openqa.selenium.SessionNotCreatedException"><![CDATA[org.openqa.selenium.SessionNotCreatedException: 
Could not start a new session. Response code 500. Message: session not created
from unknown error: cannot find Chrome binary 
Host info: host: 'runtime-swxtlnvtrtahcmhe-55cdc54bc7-mx25l', ip: '10.2.82.11'
Build info: version: '4.15.0', revision: '1d14b5521b'
System info: os.name: 'Linux', os.arch: 'amd64', os.version: '5.15.0-1078-gke', java.version: '17.0.15'
Driver info: org.openqa.selenium.chrome.ChromeDriver
Command: [null, newSession {capabilities=[Capabilities {browserName: chrome, goog:chromeOptions: {args: [--no-sandbox, --disable-dev-shm-usage, --disable-gpu, --window-size=1920,1080, --disable-extensions, --disable-web-security, --allow-running-insecure-co...], extensions: []}}]}]
	at org.openqa.selenium.remote.ProtocolHandshake.createSession(ProtocolHandshake.java:140)
	at org.openqa.selenium.remote.ProtocolHandshake.createSession(ProtocolHandshake.java:96)
	at org.openqa.selenium.remote.ProtocolHandshake.createSession(ProtocolHandshake.java:68)
	at org.openqa.selenium.remote.HttpCommandExecutor.execute(HttpCommandExecutor.java:163)
	at org.openqa.selenium.remote.service.DriverCommandExecutor.invokeExecute(DriverCommandExecutor.java:200)
	at org.openqa.selenium.remote.service.DriverCommandExecutor.execute(DriverCommandExecutor.java:175)
	at org.openqa.selenium.remote.RemoteWebDriver.execute(RemoteWebDriver.java:607)
	at org.openqa.selenium.remote.RemoteWebDriver.startSession(RemoteWebDriver.java:241)
	at org.openqa.selenium.remote.RemoteWebDriver.<init>(RemoteWebDriver.java:168)
	at org.openqa.selenium.chromium.ChromiumDriver.<init>(ChromiumDriver.java:108)
	at org.openqa.selenium.chrome.ChromeDriver.<init>(ChromeDriver.java:89)
	at org.openqa.selenium.chrome.ChromeDriver.<init>(ChromeDriver.java:84)
	at org.openqa.selenium.chrome.ChromeDriver.<init>(ChromeDriver.java:73)
	at com.prophecy.testing.config.WebDriverManager.createDriver(WebDriverManager.java:53)
	at com.prophecy.testing.config.WebDriverManager.initializeDriver(WebDriverManager.java:30)
	at com.prophecy.testing.hooks.TestHooks.setUp(TestHooks.java:42)
]]></failure>
    <system-out><![CDATA[ERROR StatusConsoleListener Could not create plugin of type class org.apache.logging.log4j.core.appender.RollingFileAppender for element RollingFile
 org.apache.logging.log4j.core.config.ConfigurationException: Configuration has multiple incompatible Appenders pointing to the same resource 'target/logs/test-execution.log'
	at org.apache.logging.log4j.core.appender.AbstractManager.narrow(AbstractManager.java:200)
	at org.apache.logging.log4j.core.appender.rolling.RollingFileManager.getFileManager(RollingFileManager.java:217)
	at org.apache.logging.log4j.core.appender.RollingFileAppender$Builder.build(RollingFileAppender.java:135)
	at org.apache.logging.log4j.core.appender.RollingFileAppender$Builder.build(RollingFileAppender.java:62)
	at org.apache.logging.log4j.core.config.plugins.util.PluginBuilder.build(PluginBuilder.java:124)
	at org.apache.logging.log4j.core.config.AbstractConfiguration.createPluginObject(AbstractConfiguration.java:1138)
	at org.apache.logging.log4j.core.config.AbstractConfiguration.createConfiguration(AbstractConfiguration.java:1063)
	at org.apache.logging.log4j.core.config.AbstractConfiguration.createConfiguration(AbstractConfiguration.java:1055)
	at org.apache.logging.log4j.core.config.AbstractConfiguration.doConfigure(AbstractConfiguration.java:664)
	at org.apache.logging.log4j.core.config.AbstractConfiguration.initialize(AbstractConfiguration.java:258)
	at org.apache.logging.log4j.core.config.AbstractConfiguration.start(AbstractConfiguration.java:304)
	at org.apache.logging.log4j.core.LoggerContext.setConfiguration(LoggerContext.java:621)
	at org.apache.logging.log4j.core.LoggerContext.reconfigure(LoggerContext.java:694)
	at org.apache.logging.log4j.core.LoggerContext.reconfigure(LoggerContext.java:711)
	at org.apache.logging.log4j.core.LoggerContext.start(LoggerContext.java:253)
	at org.apache.logging.log4j.core.impl.Log4jContextFactory.getContext(Log4jContextFactory.java:155)
	at org.apache.logging.log4j.core.impl.Log4jContextFactory.getContext(Log4jContextFactory.java:47)
	at org.apache.logging.log4j.LogManager.getContext(LogManager.java:196)
	at org.apache.logging.log4j.LogManager.getLogger(LogManager.java:599)
	at com.prophecy.testing.hooks.TestHooks.<clinit>(TestHooks.java:19)
	at java.base/jdk.internal.reflect.NativeMethodAccessorImpl.invoke0(Native Method)
	at java.base/jdk.internal.reflect.NativeMethodAccessorImpl.invoke(NativeMethodAccessorImpl.java:77)
	at java.base/jdk.internal.reflect.DelegatingMethodAccessorImpl.invoke(DelegatingMethodAccessorImpl.java:43)
	at java.base/java.lang.reflect.Method.invoke(Method.java:569)
	at io.cucumber.java.Invoker.doInvoke(Invoker.java:66)
	at io.cucumber.java.Invoker.invokeStatic(Invoker.java:80)
	at io.cucumber.java.AbstractGlueDefinition.invokeMethod(AbstractGlueDefinition.java:45)
	at io.cucumber.java.JavaStaticHookDefinition.execute(JavaStaticHookDefinition.java:49)
	at io.cucumber.core.runner.Runner.executeHook(Runner.java:112)
	at io.cucumber.core.runner.Runner.lambda$executeHooks$2(Runner.java:99)
	at io.cucumber.core.runner.ThrowableCollector.execute(ThrowableCollector.java:21)
	at io.cucumber.core.runner.Runner.executeHooks(Runner.java:99)
	at io.cucumber.core.runner.Runner.runBeforeAllHooks(Runner.java:89)
	at io.cucumber.core.runtime.RethrowingThrowableCollector.executeAndThrow(RethrowingThrowableCollector.java:23)
	at io.cucumber.core.runtime.CucumberExecutionContext.runBeforeAllHooks(CucumberExecutionContext.java:94)
	at io.cucumber.testng.TestNGCucumberRunner.<init>(TestNGCucumberRunner.java:124)
	at io.cucumber.testng.AbstractTestNGCucumberTests.setUpClass(AbstractTestNGCucumberTests.java:27)
	at java.base/jdk.internal.reflect.NativeMethodAccessorImpl.invoke0(Native Method)
	at java.base/jdk.internal.reflect.NativeMethodAccessorImpl.invoke(NativeMethodAccessorImpl.java:77)
	at java.base/jdk.internal.reflect.DelegatingMethodAccessorImpl.invoke(DelegatingMethodAccessorImpl.java:43)
	at java.base/java.lang.reflect.Method.invoke(Method.java:569)
	at org.testng.internal.invokers.MethodInvocationHelper.invokeMethod(MethodInvocationHelper.java:139)
	at org.testng.internal.invokers.MethodInvocationHelper.invokeMethodConsideringTimeout(MethodInvocationHelper.java:69)
	at org.testng.internal.invokers.ConfigInvoker.invokeConfigurationMethod(ConfigInvoker.java:390)
	at org.testng.internal.invokers.ConfigInvoker.invokeConfigurations(ConfigInvoker.java:325)
	at org.testng.internal.invokers.TestMethodWorker.invokeBeforeClassMethods(TestMethodWorker.java:180)
	at org.testng.internal.invokers.TestMethodWorker.run(TestMethodWorker.java:122)
	at java.base/java.util.ArrayList.forEach(ArrayList.java:1511)
	at org.testng.TestRunner.privateRun(TestRunner.java:848)
	at org.testng.TestRunner.run(TestRunner.java:621)
	at org.testng.SuiteRunner.runTest(SuiteRunner.java:443)
	at org.testng.SuiteRunner.runSequentially(SuiteRunner.java:437)
	at org.testng.SuiteRunner.privateRun(SuiteRunner.java:397)
	at org.testng.SuiteRunner.run(SuiteRunner.java:336)
	at org.testng.SuiteRunnerWorker.runSuite(SuiteRunnerWorker.java:52)
	at org.testng.SuiteRunnerWorker.run(SuiteRunnerWorker.java:95)
	at org.testng.TestNG.runSuitesSequentially(TestNG.java:1280)
	at org.testng.TestNG.runSuitesLocally(TestNG.java:1200)
	at org.testng.TestNG.runSuites(TestNG.java:1114)
	at org.testng.TestNG.run(TestNG.java:1082)
	at org.apache.maven.surefire.testng.TestNGExecutor.run(TestNGExecutor.java:155)
	at org.apache.maven.surefire.testng.TestNGDirectoryTestSuite.executeSingleClass(TestNGDirectoryTestSuite.java:102)
	at org.apache.maven.surefire.testng.TestNGDirectoryTestSuite.execute(TestNGDirectoryTestSuite.java:91)
	at org.apache.maven.surefire.testng.TestNGProvider.invoke(TestNGProvider.java:137)
	at org.apache.maven.surefire.booter.ForkedBooter.runSuitesInProcess(ForkedBooter.java:385)
	at org.apache.maven.surefire.booter.ForkedBooter.execute(ForkedBooter.java:162)
	at org.apache.maven.surefire.booter.ForkedBooter.run(ForkedBooter.java:507)
	at org.apache.maven.surefire.booter.ForkedBooter.main(ForkedBooter.java:495)
ERROR StatusConsoleListener Null object returned for RollingFile in Appenders.
21:57:11.742 [main] INFO  com.prophecy.testing.hooks.TestHooks - === Starting Test Suite Execution ===
21:57:11.745 [main] INFO  com.prophecy.testing.config.ConfigManager - Configuration properties loaded successfully
21:57:11.868 [main] INFO  com.prophecy.testing.hooks.TestHooks - Global test setup completed

@stage-testing @api @smoke @positive
Scenario: Test complete pipeline stage by stage with generated data                    # src/test/resources/features/stage_by_stage_testing.feature:11
21:57:12.041 [main] INFO  com.prophecy.testing.hooks.TestHooks - === Starting Test Scenario: Test complete pipeline stage by stage with generated data ===
21:57:12.042 [main] INFO  com.prophecy.testing.config.WebDriverManager - Initializing chrome driver with headless: false
      org.openqa.selenium.SessionNotCreatedException: Could not start a new session. Response code 500. Message: session not created
from unknown error: cannot find Chrome binary 
Host info: host: 'runtime-swxtlnvtrtahcmhe-55cdc54bc7-mx25l', ip: '10.2.82.11'
Build info: version: '4.15.0', revision: '1d14b5521b'
System info: os.name: 'Linux', os.arch: 'amd64', os.version: '5.15.0-1078-gke', java.version: '17.0.15'
Driver info: org.openqa.selenium.chrome.ChromeDriver
Command: [null, newSession {capabilities=[Capabilities {browserName: chrome, goog:chromeOptions: {args: [--no-sandbox, --disable-dev-shm-usage, --disable-gpu, --window-size=1920,1080, --disable-extensions, --disable-web-security, --allow-running-insecure-co...], extensions: []}}]}]
	at org.openqa.selenium.remote.ProtocolHandshake.createSession(ProtocolHandshake.java:140)
	at org.openqa.selenium.remote.ProtocolHandshake.createSession(ProtocolHandshake.java:96)
	at org.openqa.selenium.remote.ProtocolHandshake.createSession(ProtocolHandshake.java:68)
	at org.openqa.selenium.remote.HttpCommandExecutor.execute(HttpCommandExecutor.java:163)
	at org.openqa.selenium.remote.service.DriverCommandExecutor.invokeExecute(DriverCommandExecutor.java:200)
	at org.openqa.selenium.remote.service.DriverCommandExecutor.execute(DriverCommandExecutor.java:175)
	at org.openqa.selenium.remote.RemoteWebDriver.execute(RemoteWebDriver.java:607)
	at org.openqa.selenium.remote.RemoteWebDriver.startSession(RemoteWebDriver.java:241)
	at org.openqa.selenium.remote.RemoteWebDriver.<init>(RemoteWebDriver.java:168)
	at org.openqa.selenium.chromium.ChromiumDriver.<init>(ChromiumDriver.java:108)
	at org.openqa.selenium.chrome.ChromeDriver.<init>(ChromeDriver.java:89)
	at org.openqa.selenium.chrome.ChromeDriver.<init>(ChromeDriver.java:84)
	at org.openqa.selenium.chrome.ChromeDriver.<init>(ChromeDriver.java:73)
	at com.prophecy.testing.config.WebDriverManager.createDriver(WebDriverManager.java:53)
	at com.prophecy.testing.config.WebDriverManager.initializeDriver(WebDriverManager.java:30)
	at com.prophecy.testing.hooks.TestHooks.setUp(TestHooks.java:42)

21:57:13.262 [main] INFO  com.prophecy.testing.hooks.TestHooks - Setting up API testing for scenario: Test complete pipeline stage by stage with generated data
21:57:13.262 [main] INFO  com.prophecy.testing.hooks.TestHooks - API testing setup completed
  Given I have an existing pipeline with ID "customer_processing_pipeline_123"         # com.prophecy.testing.stepdefinitions.StageByStageTestSteps.i_have_an_existing_pipeline_with_id(java.lang.String)
  Given I have prepared test data with 1000 records matching the pipeline input schema # com.prophecy.testing.stepdefinitions.StageByStageTestSteps.i_have_prepared_test_data_with_records_matching_pipeline_input_schema(int)
  When I execute the pipeline stage by stage with the test data                        # com.prophecy.testing.stepdefinitions.StageByStageTestSteps.i_execute_the_pipeline_stage_by_stage_with_test_data()
  Then all pipeline stages should execute successfully                                 # com.prophecy.testing.stepdefinitions.StageByStageTestSteps.all_pipeline_stages_should_execute_successfully()
  And I should be able to trace data flow through all stages                           # com.prophecy.testing.stepdefinitions.StageByStageTestSteps.i_should_be_able_to_trace_data_flow_through_all_stages()
21:57:13.267 [main] INFO  com.prophecy.testing.hooks.TestHooks - === Finishing Test Scenario: Test complete pipeline stage by stage with generated data ===
21:57:13.268 [main] ERROR com.prophecy.testing.hooks.TestHooks - Scenario failed: Test complete pipeline stage by stage with generated data
21:57:13.269 [main] ERROR com.prophecy.testing.hooks.TestHooks - Error during scenario teardown: WebDriver is not initialized. Call initializeDriver() first.
21:57:13.269 [main] INFO  com.prophecy.testing.hooks.TestHooks - Test scenario teardown completed for: Test complete pipeline stage by stage with generated data
]]></system-out>
    <system-err><![CDATA[SLF4J: No SLF4J providers were found.
SLF4J: Defaulting to no-operation (NOP) logger implementation
SLF4J: See https://www.slf4j.org/codes.html#noProviders for further details.
]]></system-err>
  </testcase>
  <testcase name="runScenario[&quot;Test pipeline with custom test data schema&quot;, &quot;Stage-by-Stage Pipeline Testing&quot;](2)" classname="com.prophecy.testing.runners.StageByStageTestRunner" time="0.205">
    <failure message="Could not start a new session. Response code 500. Message: session not created&#10;from unknown error: cannot find Chrome binary &#10;Host info: host: &apos;runtime-swxtlnvtrtahcmhe-55cdc54bc7-mx25l&apos;, ip: &apos;10.2.82.11&apos;&#10;Build info: version: &apos;4.15.0&apos;, revision: &apos;1d14b5521b&apos;&#10;System info: os.name: &apos;Linux&apos;, os.arch: &apos;amd64&apos;, os.version: &apos;5.15.0-1078-gke&apos;, java.version: &apos;17.0.15&apos;&#10;Driver info: org.openqa.selenium.chrome.ChromeDriver&#10;Command: [null, newSession {capabilities=[Capabilities {browserName: chrome, goog:chromeOptions: {args: [--no-sandbox, --disable-dev-shm-usage, --disable-gpu, --window-size=1920,1080, --disable-extensions, --disable-web-security, --allow-running-insecure-co...], extensions: []}}]}]" type="org.openqa.selenium.SessionNotCreatedException"><![CDATA[org.openqa.selenium.SessionNotCreatedException: 
Could not start a new session. Response code 500. Message: session not created
from unknown error: cannot find Chrome binary 
Host info: host: 'runtime-swxtlnvtrtahcmhe-55cdc54bc7-mx25l', ip: '10.2.82.11'
Build info: version: '4.15.0', revision: '1d14b5521b'
System info: os.name: 'Linux', os.arch: 'amd64', os.version: '5.15.0-1078-gke', java.version: '17.0.15'
Driver info: org.openqa.selenium.chrome.ChromeDriver
Command: [null, newSession {capabilities=[Capabilities {browserName: chrome, goog:chromeOptions: {args: [--no-sandbox, --disable-dev-shm-usage, --disable-gpu, --window-size=1920,1080, --disable-extensions, --disable-web-security, --allow-running-insecure-co...], extensions: []}}]}]
	at org.openqa.selenium.remote.ProtocolHandshake.createSession(ProtocolHandshake.java:140)
	at org.openqa.selenium.remote.ProtocolHandshake.createSession(ProtocolHandshake.java:96)
	at org.openqa.selenium.remote.ProtocolHandshake.createSession(ProtocolHandshake.java:68)
	at org.openqa.selenium.remote.HttpCommandExecutor.execute(HttpCommandExecutor.java:163)
	at org.openqa.selenium.remote.service.DriverCommandExecutor.invokeExecute(DriverCommandExecutor.java:200)
	at org.openqa.selenium.remote.service.DriverCommandExecutor.execute(DriverCommandExecutor.java:175)
	at org.openqa.selenium.remote.RemoteWebDriver.execute(RemoteWebDriver.java:607)
	at org.openqa.selenium.remote.RemoteWebDriver.startSession(RemoteWebDriver.java:241)
	at org.openqa.selenium.remote.RemoteWebDriver.<init>(RemoteWebDriver.java:168)
	at org.openqa.selenium.chromium.ChromiumDriver.<init>(ChromiumDriver.java:108)
	at org.openqa.selenium.chrome.ChromeDriver.<init>(ChromeDriver.java:89)
	at org.openqa.selenium.chrome.ChromeDriver.<init>(ChromeDriver.java:84)
	at org.openqa.selenium.chrome.ChromeDriver.<init>(ChromeDriver.java:73)
	at com.prophecy.testing.config.WebDriverManager.createDriver(WebDriverManager.java:53)
	at com.prophecy.testing.config.WebDriverManager.initializeDriver(WebDriverManager.java:30)
	at com.prophecy.testing.hooks.TestHooks.setUp(TestHooks.java:42)
]]></failure>
    <system-out><![CDATA[
@stage-testing @api @positive
Scenario: Test pipeline with custom test data schema                           # src/test/resources/features/stage_by_stage_testing.feature:18
21:57:13.312 [main] INFO  com.prophecy.testing.hooks.TestHooks - === Starting Test Scenario: Test pipeline with custom test data schema ===
21:57:13.312 [main] INFO  com.prophecy.testing.config.WebDriverManager - Initializing chrome driver with headless: false
      org.openqa.selenium.SessionNotCreatedException: Could not start a new session. Response code 500. Message: session not created
from unknown error: cannot find Chrome binary 
Host info: host: 'runtime-swxtlnvtrtahcmhe-55cdc54bc7-mx25l', ip: '10.2.82.11'
Build info: version: '4.15.0', revision: '1d14b5521b'
System info: os.name: 'Linux', os.arch: 'amd64', os.version: '5.15.0-1078-gke', java.version: '17.0.15'
Driver info: org.openqa.selenium.chrome.ChromeDriver
Command: [null, newSession {capabilities=[Capabilities {browserName: chrome, goog:chromeOptions: {args: [--no-sandbox, --disable-dev-shm-usage, --disable-gpu, --window-size=1920,1080, --disable-extensions, --disable-web-security, --allow-running-insecure-co...], extensions: []}}]}]
	at org.openqa.selenium.remote.ProtocolHandshake.createSession(ProtocolHandshake.java:140)
	at org.openqa.selenium.remote.ProtocolHandshake.createSession(ProtocolHandshake.java:96)
	at org.openqa.selenium.remote.ProtocolHandshake.createSession(ProtocolHandshake.java:68)
	at org.openqa.selenium.remote.HttpCommandExecutor.execute(HttpCommandExecutor.java:163)
	at org.openqa.selenium.remote.service.DriverCommandExecutor.invokeExecute(DriverCommandExecutor.java:200)
	at org.openqa.selenium.remote.service.DriverCommandExecutor.execute(DriverCommandExecutor.java:175)
	at org.openqa.selenium.remote.RemoteWebDriver.execute(RemoteWebDriver.java:607)
	at org.openqa.selenium.remote.RemoteWebDriver.startSession(RemoteWebDriver.java:241)
	at org.openqa.selenium.remote.RemoteWebDriver.<init>(RemoteWebDriver.java:168)
	at org.openqa.selenium.chromium.ChromiumDriver.<init>(ChromiumDriver.java:108)
	at org.openqa.selenium.chrome.ChromeDriver.<init>(ChromeDriver.java:89)
	at org.openqa.selenium.chrome.ChromeDriver.<init>(ChromeDriver.java:84)
	at org.openqa.selenium.chrome.ChromeDriver.<init>(ChromeDriver.java:73)
	at com.prophecy.testing.config.WebDriverManager.createDriver(WebDriverManager.java:53)
	at com.prophecy.testing.config.WebDriverManager.initializeDriver(WebDriverManager.java:30)
	at com.prophecy.testing.hooks.TestHooks.setUp(TestHooks.java:42)

21:57:13.478 [main] INFO  com.prophecy.testing.hooks.TestHooks - Setting up API testing for scenario: Test pipeline with custom test data schema
21:57:13.478 [main] INFO  com.prophecy.testing.hooks.TestHooks - API testing setup completed
  Given I have an existing pipeline with ID "customer_processing_pipeline_123" # com.prophecy.testing.stepdefinitions.StageByStageTestSteps.i_have_an_existing_pipeline_with_id(java.lang.String)
  Given I have prepared test data with custom schema:                          # com.prophecy.testing.stepdefinitions.StageByStageTestSteps.i_have_prepared_test_data_with_custom_schema(io.cucumber.datatable.DataTable)
    | Field Name  | Data Type | Nullable | Description        |
    | customer_id | INTEGER   | false    | Unique customer ID |
    | full_name   | STRING    | false    | Customer full name |
    | email       | STRING    | false    | Customer email     |
    | age         | INTEGER   | true     | Customer age       |
    | city        | STRING    | true     | Customer city      |
    | country     | STRING    | false    | Customer country   |
  When I execute the pipeline stage by stage with the test data                # com.prophecy.testing.stepdefinitions.StageByStageTestSteps.i_execute_the_pipeline_stage_by_stage_with_test_data()
  Then all pipeline stages should execute successfully                         # com.prophecy.testing.stepdefinitions.StageByStageTestSteps.all_pipeline_stages_should_execute_successfully()
21:57:13.481 [main] INFO  com.prophecy.testing.hooks.TestHooks - === Finishing Test Scenario: Test pipeline with custom test data schema ===
21:57:13.481 [main] ERROR com.prophecy.testing.hooks.TestHooks - Scenario failed: Test pipeline with custom test data schema
21:57:13.481 [main] ERROR com.prophecy.testing.hooks.TestHooks - Error during scenario teardown: WebDriver is not initialized. Call initializeDriver() first.
21:57:13.481 [main] INFO  com.prophecy.testing.hooks.TestHooks - Test scenario teardown completed for: Test pipeline with custom test data schema
]]></system-out>
  </testcase>
  <testcase name="runScenario[&quot;Test pipeline with file-based test data&quot;, &quot;Stage-by-Stage Pipeline Testing&quot;](3)" classname="com.prophecy.testing.runners.StageByStageTestRunner" time="0.177">
    <failure message="Could not start a new session. Response code 500. Message: session not created&#10;from unknown error: cannot find Chrome binary &#10;Host info: host: &apos;runtime-swxtlnvtrtahcmhe-55cdc54bc7-mx25l&apos;, ip: &apos;10.2.82.11&apos;&#10;Build info: version: &apos;4.15.0&apos;, revision: &apos;1d14b5521b&apos;&#10;System info: os.name: &apos;Linux&apos;, os.arch: &apos;amd64&apos;, os.version: &apos;5.15.0-1078-gke&apos;, java.version: &apos;17.0.15&apos;&#10;Driver info: org.openqa.selenium.chrome.ChromeDriver&#10;Command: [null, newSession {capabilities=[Capabilities {browserName: chrome, goog:chromeOptions: {args: [--no-sandbox, --disable-dev-shm-usage, --disable-gpu, --window-size=1920,1080, --disable-extensions, --disable-web-security, --allow-running-insecure-co...], extensions: []}}]}]" type="org.openqa.selenium.SessionNotCreatedException"><![CDATA[org.openqa.selenium.SessionNotCreatedException: 
Could not start a new session. Response code 500. Message: session not created
from unknown error: cannot find Chrome binary 
Host info: host: 'runtime-swxtlnvtrtahcmhe-55cdc54bc7-mx25l', ip: '10.2.82.11'
Build info: version: '4.15.0', revision: '1d14b5521b'
System info: os.name: 'Linux', os.arch: 'amd64', os.version: '5.15.0-1078-gke', java.version: '17.0.15'
Driver info: org.openqa.selenium.chrome.ChromeDriver
Command: [null, newSession {capabilities=[Capabilities {browserName: chrome, goog:chromeOptions: {args: [--no-sandbox, --disable-dev-shm-usage, --disable-gpu, --window-size=1920,1080, --disable-extensions, --disable-web-security, --allow-running-insecure-co...], extensions: []}}]}]
	at org.openqa.selenium.remote.ProtocolHandshake.createSession(ProtocolHandshake.java:140)
	at org.openqa.selenium.remote.ProtocolHandshake.createSession(ProtocolHandshake.java:96)
	at org.openqa.selenium.remote.ProtocolHandshake.createSession(ProtocolHandshake.java:68)
	at org.openqa.selenium.remote.HttpCommandExecutor.execute(HttpCommandExecutor.java:163)
	at org.openqa.selenium.remote.service.DriverCommandExecutor.invokeExecute(DriverCommandExecutor.java:200)
	at org.openqa.selenium.remote.service.DriverCommandExecutor.execute(DriverCommandExecutor.java:175)
	at org.openqa.selenium.remote.RemoteWebDriver.execute(RemoteWebDriver.java:607)
	at org.openqa.selenium.remote.RemoteWebDriver.startSession(RemoteWebDriver.java:241)
	at org.openqa.selenium.remote.RemoteWebDriver.<init>(RemoteWebDriver.java:168)
	at org.openqa.selenium.chromium.ChromiumDriver.<init>(ChromiumDriver.java:108)
	at org.openqa.selenium.chrome.ChromeDriver.<init>(ChromeDriver.java:89)
	at org.openqa.selenium.chrome.ChromeDriver.<init>(ChromeDriver.java:84)
	at org.openqa.selenium.chrome.ChromeDriver.<init>(ChromeDriver.java:73)
	at com.prophecy.testing.config.WebDriverManager.createDriver(WebDriverManager.java:53)
	at com.prophecy.testing.config.WebDriverManager.initializeDriver(WebDriverManager.java:30)
	at com.prophecy.testing.hooks.TestHooks.setUp(TestHooks.java:42)
]]></failure>
    <system-out><![CDATA[
@stage-testing @api @positive
Scenario: Test pipeline with file-based test data                              # src/test/resources/features/stage_by_stage_testing.feature:31
21:57:13.499 [main] INFO  com.prophecy.testing.hooks.TestHooks - === Starting Test Scenario: Test pipeline with file-based test data ===
21:57:13.499 [main] INFO  com.prophecy.testing.config.WebDriverManager - Initializing chrome driver with headless: false
      org.openqa.selenium.SessionNotCreatedException: Could not start a new session. Response code 500. Message: session not created
from unknown error: cannot find Chrome binary 
Host info: host: 'runtime-swxtlnvtrtahcmhe-55cdc54bc7-mx25l', ip: '10.2.82.11'
Build info: version: '4.15.0', revision: '1d14b5521b'
System info: os.name: 'Linux', os.arch: 'amd64', os.version: '5.15.0-1078-gke', java.version: '17.0.15'
Driver info: org.openqa.selenium.chrome.ChromeDriver
Command: [null, newSession {capabilities=[Capabilities {browserName: chrome, goog:chromeOptions: {args: [--no-sandbox, --disable-dev-shm-usage, --disable-gpu, --window-size=1920,1080, --disable-extensions, --disable-web-security, --allow-running-insecure-co...], extensions: []}}]}]
	at org.openqa.selenium.remote.ProtocolHandshake.createSession(ProtocolHandshake.java:140)
	at org.openqa.selenium.remote.ProtocolHandshake.createSession(ProtocolHandshake.java:96)
	at org.openqa.selenium.remote.ProtocolHandshake.createSession(ProtocolHandshake.java:68)
	at org.openqa.selenium.remote.HttpCommandExecutor.execute(HttpCommandExecutor.java:163)
	at org.openqa.selenium.remote.service.DriverCommandExecutor.invokeExecute(DriverCommandExecutor.java:200)
	at org.openqa.selenium.remote.service.DriverCommandExecutor.execute(DriverCommandExecutor.java:175)
	at org.openqa.selenium.remote.RemoteWebDriver.execute(RemoteWebDriver.java:607)
	at org.openqa.selenium.remote.RemoteWebDriver.startSession(RemoteWebDriver.java:241)
	at org.openqa.selenium.remote.RemoteWebDriver.<init>(RemoteWebDriver.java:168)
	at org.openqa.selenium.chromium.ChromiumDriver.<init>(ChromiumDriver.java:108)
	at org.openqa.selenium.chrome.ChromeDriver.<init>(ChromeDriver.java:89)
	at org.openqa.selenium.chrome.ChromeDriver.<init>(ChromeDriver.java:84)
	at org.openqa.selenium.chrome.ChromeDriver.<init>(ChromeDriver.java:73)
	at com.prophecy.testing.config.WebDriverManager.createDriver(WebDriverManager.java:53)
	at com.prophecy.testing.config.WebDriverManager.initializeDriver(WebDriverManager.java:30)
	at com.prophecy.testing.hooks.TestHooks.setUp(TestHooks.java:42)

21:57:13.656 [main] INFO  com.prophecy.testing.hooks.TestHooks - Setting up API testing for scenario: Test pipeline with file-based test data
21:57:13.656 [main] INFO  com.prophecy.testing.hooks.TestHooks - API testing setup completed
  Given I have an existing pipeline with ID "customer_processing_pipeline_123" # com.prophecy.testing.stepdefinitions.StageByStageTestSteps.i_have_an_existing_pipeline_with_id(java.lang.String)
  Given I have prepared test data from file "sample_customers.csv"             # com.prophecy.testing.stepdefinitions.StageByStageTestSteps.i_have_prepared_test_data_from_file(java.lang.String)
  When I execute the pipeline stage by stage with the test data                # com.prophecy.testing.stepdefinitions.StageByStageTestSteps.i_execute_the_pipeline_stage_by_stage_with_test_data()
  Then all pipeline stages should execute successfully                         # com.prophecy.testing.stepdefinitions.StageByStageTestSteps.all_pipeline_stages_should_execute_successfully()
21:57:13.657 [main] INFO  com.prophecy.testing.hooks.TestHooks - === Finishing Test Scenario: Test pipeline with file-based test data ===
21:57:13.657 [main] ERROR com.prophecy.testing.hooks.TestHooks - Scenario failed: Test pipeline with file-based test data
21:57:13.658 [main] ERROR com.prophecy.testing.hooks.TestHooks - Error during scenario teardown: WebDriver is not initialized. Call initializeDriver() first.
21:57:13.658 [main] INFO  com.prophecy.testing.hooks.TestHooks - Test scenario teardown completed for: Test pipeline with file-based test data
]]></system-out>
  </testcase>
  <testcase name="runScenario[&quot;Test individual data source stage&quot;, &quot;Stage-by-Stage Pipeline Testing&quot;](4)" classname="com.prophecy.testing.runners.StageByStageTestRunner" time="0.174">
    <failure message="Could not start a new session. Response code 500. Message: session not created&#10;from unknown error: cannot find Chrome binary &#10;Host info: host: &apos;runtime-swxtlnvtrtahcmhe-55cdc54bc7-mx25l&apos;, ip: &apos;10.2.82.11&apos;&#10;Build info: version: &apos;4.15.0&apos;, revision: &apos;1d14b5521b&apos;&#10;System info: os.name: &apos;Linux&apos;, os.arch: &apos;amd64&apos;, os.version: &apos;5.15.0-1078-gke&apos;, java.version: &apos;17.0.15&apos;&#10;Driver info: org.openqa.selenium.chrome.ChromeDriver&#10;Command: [null, newSession {capabilities=[Capabilities {browserName: chrome, goog:chromeOptions: {args: [--no-sandbox, --disable-dev-shm-usage, --disable-gpu, --window-size=1920,1080, --disable-extensions, --disable-web-security, --allow-running-insecure-co...], extensions: []}}]}]" type="org.openqa.selenium.SessionNotCreatedException"><![CDATA[org.openqa.selenium.SessionNotCreatedException: 
Could not start a new session. Response code 500. Message: session not created
from unknown error: cannot find Chrome binary 
Host info: host: 'runtime-swxtlnvtrtahcmhe-55cdc54bc7-mx25l', ip: '10.2.82.11'
Build info: version: '4.15.0', revision: '1d14b5521b'
System info: os.name: 'Linux', os.arch: 'amd64', os.version: '5.15.0-1078-gke', java.version: '17.0.15'
Driver info: org.openqa.selenium.chrome.ChromeDriver
Command: [null, newSession {capabilities=[Capabilities {browserName: chrome, goog:chromeOptions: {args: [--no-sandbox, --disable-dev-shm-usage, --disable-gpu, --window-size=1920,1080, --disable-extensions, --disable-web-security, --allow-running-insecure-co...], extensions: []}}]}]
	at org.openqa.selenium.remote.ProtocolHandshake.createSession(ProtocolHandshake.java:140)
	at org.openqa.selenium.remote.ProtocolHandshake.createSession(ProtocolHandshake.java:96)
	at org.openqa.selenium.remote.ProtocolHandshake.createSession(ProtocolHandshake.java:68)
	at org.openqa.selenium.remote.HttpCommandExecutor.execute(HttpCommandExecutor.java:163)
	at org.openqa.selenium.remote.service.DriverCommandExecutor.invokeExecute(DriverCommandExecutor.java:200)
	at org.openqa.selenium.remote.service.DriverCommandExecutor.execute(DriverCommandExecutor.java:175)
	at org.openqa.selenium.remote.RemoteWebDriver.execute(RemoteWebDriver.java:607)
	at org.openqa.selenium.remote.RemoteWebDriver.startSession(RemoteWebDriver.java:241)
	at org.openqa.selenium.remote.RemoteWebDriver.<init>(RemoteWebDriver.java:168)
	at org.openqa.selenium.chromium.ChromiumDriver.<init>(ChromiumDriver.java:108)
	at org.openqa.selenium.chrome.ChromeDriver.<init>(ChromeDriver.java:89)
	at org.openqa.selenium.chrome.ChromeDriver.<init>(ChromeDriver.java:84)
	at org.openqa.selenium.chrome.ChromeDriver.<init>(ChromeDriver.java:73)
	at com.prophecy.testing.config.WebDriverManager.createDriver(WebDriverManager.java:53)
	at com.prophecy.testing.config.WebDriverManager.initializeDriver(WebDriverManager.java:30)
	at com.prophecy.testing.hooks.TestHooks.setUp(TestHooks.java:42)
]]></failure>
    <system-out><![CDATA[
@stage-testing @api @individual-stage
Scenario: Test individual data source stage                                           # src/test/resources/features/stage_by_stage_testing.feature:37
21:57:13.676 [main] INFO  com.prophecy.testing.hooks.TestHooks - === Starting Test Scenario: Test individual data source stage ===
21:57:13.677 [main] INFO  com.prophecy.testing.config.WebDriverManager - Initializing chrome driver with headless: false
      org.openqa.selenium.SessionNotCreatedException: Could not start a new session. Response code 500. Message: session not created
from unknown error: cannot find Chrome binary 
Host info: host: 'runtime-swxtlnvtrtahcmhe-55cdc54bc7-mx25l', ip: '10.2.82.11'
Build info: version: '4.15.0', revision: '1d14b5521b'
System info: os.name: 'Linux', os.arch: 'amd64', os.version: '5.15.0-1078-gke', java.version: '17.0.15'
Driver info: org.openqa.selenium.chrome.ChromeDriver
Command: [null, newSession {capabilities=[Capabilities {browserName: chrome, goog:chromeOptions: {args: [--no-sandbox, --disable-dev-shm-usage, --disable-gpu, --window-size=1920,1080, --disable-extensions, --disable-web-security, --allow-running-insecure-co...], extensions: []}}]}]
	at org.openqa.selenium.remote.ProtocolHandshake.createSession(ProtocolHandshake.java:140)
	at org.openqa.selenium.remote.ProtocolHandshake.createSession(ProtocolHandshake.java:96)
	at org.openqa.selenium.remote.ProtocolHandshake.createSession(ProtocolHandshake.java:68)
	at org.openqa.selenium.remote.HttpCommandExecutor.execute(HttpCommandExecutor.java:163)
	at org.openqa.selenium.remote.service.DriverCommandExecutor.invokeExecute(DriverCommandExecutor.java:200)
	at org.openqa.selenium.remote.service.DriverCommandExecutor.execute(DriverCommandExecutor.java:175)
	at org.openqa.selenium.remote.RemoteWebDriver.execute(RemoteWebDriver.java:607)
	at org.openqa.selenium.remote.RemoteWebDriver.startSession(RemoteWebDriver.java:241)
	at org.openqa.selenium.remote.RemoteWebDriver.<init>(RemoteWebDriver.java:168)
	at org.openqa.selenium.chromium.ChromiumDriver.<init>(ChromiumDriver.java:108)
	at org.openqa.selenium.chrome.ChromeDriver.<init>(ChromeDriver.java:89)
	at org.openqa.selenium.chrome.ChromeDriver.<init>(ChromeDriver.java:84)
	at org.openqa.selenium.chrome.ChromeDriver.<init>(ChromeDriver.java:73)
	at com.prophecy.testing.config.WebDriverManager.createDriver(WebDriverManager.java:53)
	at com.prophecy.testing.config.WebDriverManager.initializeDriver(WebDriverManager.java:30)
	at com.prophecy.testing.hooks.TestHooks.setUp(TestHooks.java:42)

21:57:13.832 [main] INFO  com.prophecy.testing.hooks.TestHooks - Setting up API testing for scenario: Test individual data source stage
21:57:13.833 [main] INFO  com.prophecy.testing.hooks.TestHooks - API testing setup completed
  Given I have an existing pipeline with ID "customer_processing_pipeline_123"        # com.prophecy.testing.stepdefinitions.StageByStageTestSteps.i_have_an_existing_pipeline_with_id(java.lang.String)
  Given I have prepared test data with 500 records matching the pipeline input schema # com.prophecy.testing.stepdefinitions.StageByStageTestSteps.i_have_prepared_test_data_with_records_matching_pipeline_input_schema(int)
  When I test stage "Data Source" individually with the test data                     # com.prophecy.testing.stepdefinitions.StageByStageTestSteps.i_test_stage_individually_with_test_data(java.lang.String)
  Then stage "Data Source" should execute successfully                                # com.prophecy.testing.stepdefinitions.StageByStageTestSteps.stage_should_execute_successfully(java.lang.String)
  And the output data from stage "Data Source" should contain 500 records             # com.prophecy.testing.stepdefinitions.StageByStageTestSteps.the_output_data_from_stage_should_contain_records(java.lang.String,int)
  And the output data from stage "Data Source" should match the expected schema       # com.prophecy.testing.stepdefinitions.StageByStageTestSteps.the_output_data_from_stage_should_match_expected_schema(java.lang.String)
21:57:13.834 [main] INFO  com.prophecy.testing.hooks.TestHooks - === Finishing Test Scenario: Test individual data source stage ===
21:57:13.835 [main] ERROR com.prophecy.testing.hooks.TestHooks - Scenario failed: Test individual data source stage
21:57:13.835 [main] ERROR com.prophecy.testing.hooks.TestHooks - Error during scenario teardown: WebDriver is not initialized. Call initializeDriver() first.
21:57:13.835 [main] INFO  com.prophecy.testing.hooks.TestHooks - Test scenario teardown completed for: Test individual data source stage
]]></system-out>
  </testcase>
  <testcase name="runScenario[&quot;Test individual data transformation stage&quot;, &quot;Stage-by-Stage Pipeline Testing&quot;](5)" classname="com.prophecy.testing.runners.StageByStageTestRunner" time="0.169">
    <failure message="Could not start a new session. Response code 500. Message: session not created&#10;from unknown error: cannot find Chrome binary &#10;Host info: host: &apos;runtime-swxtlnvtrtahcmhe-55cdc54bc7-mx25l&apos;, ip: &apos;10.2.82.11&apos;&#10;Build info: version: &apos;4.15.0&apos;, revision: &apos;1d14b5521b&apos;&#10;System info: os.name: &apos;Linux&apos;, os.arch: &apos;amd64&apos;, os.version: &apos;5.15.0-1078-gke&apos;, java.version: &apos;17.0.15&apos;&#10;Driver info: org.openqa.selenium.chrome.ChromeDriver&#10;Command: [null, newSession {capabilities=[Capabilities {browserName: chrome, goog:chromeOptions: {args: [--no-sandbox, --disable-dev-shm-usage, --disable-gpu, --window-size=1920,1080, --disable-extensions, --disable-web-security, --allow-running-insecure-co...], extensions: []}}]}]" type="org.openqa.selenium.SessionNotCreatedException"><![CDATA[org.openqa.selenium.SessionNotCreatedException: 
Could not start a new session. Response code 500. Message: session not created
from unknown error: cannot find Chrome binary 
Host info: host: 'runtime-swxtlnvtrtahcmhe-55cdc54bc7-mx25l', ip: '10.2.82.11'
Build info: version: '4.15.0', revision: '1d14b5521b'
System info: os.name: 'Linux', os.arch: 'amd64', os.version: '5.15.0-1078-gke', java.version: '17.0.15'
Driver info: org.openqa.selenium.chrome.ChromeDriver
Command: [null, newSession {capabilities=[Capabilities {browserName: chrome, goog:chromeOptions: {args: [--no-sandbox, --disable-dev-shm-usage, --disable-gpu, --window-size=1920,1080, --disable-extensions, --disable-web-security, --allow-running-insecure-co...], extensions: []}}]}]
	at org.openqa.selenium.remote.ProtocolHandshake.createSession(ProtocolHandshake.java:140)
	at org.openqa.selenium.remote.ProtocolHandshake.createSession(ProtocolHandshake.java:96)
	at org.openqa.selenium.remote.ProtocolHandshake.createSession(ProtocolHandshake.java:68)
	at org.openqa.selenium.remote.HttpCommandExecutor.execute(HttpCommandExecutor.java:163)
	at org.openqa.selenium.remote.service.DriverCommandExecutor.invokeExecute(DriverCommandExecutor.java:200)
	at org.openqa.selenium.remote.service.DriverCommandExecutor.execute(DriverCommandExecutor.java:175)
	at org.openqa.selenium.remote.RemoteWebDriver.execute(RemoteWebDriver.java:607)
	at org.openqa.selenium.remote.RemoteWebDriver.startSession(RemoteWebDriver.java:241)
	at org.openqa.selenium.remote.RemoteWebDriver.<init>(RemoteWebDriver.java:168)
	at org.openqa.selenium.chromium.ChromiumDriver.<init>(ChromiumDriver.java:108)
	at org.openqa.selenium.chrome.ChromeDriver.<init>(ChromeDriver.java:89)
	at org.openqa.selenium.chrome.ChromeDriver.<init>(ChromeDriver.java:84)
	at org.openqa.selenium.chrome.ChromeDriver.<init>(ChromeDriver.java:73)
	at com.prophecy.testing.config.WebDriverManager.createDriver(WebDriverManager.java:53)
	at com.prophecy.testing.config.WebDriverManager.initializeDriver(WebDriverManager.java:30)
	at com.prophecy.testing.hooks.TestHooks.setUp(TestHooks.java:42)
]]></failure>
    <system-out><![CDATA[
@stage-testing @api @individual-stage
Scenario: Test individual data transformation stage                                    # src/test/resources/features/stage_by_stage_testing.feature:45
21:57:13.849 [main] INFO  com.prophecy.testing.hooks.TestHooks - === Starting Test Scenario: Test individual data transformation stage ===
21:57:13.849 [main] INFO  com.prophecy.testing.config.WebDriverManager - Initializing chrome driver with headless: false
      org.openqa.selenium.SessionNotCreatedException: Could not start a new session. Response code 500. Message: session not created
from unknown error: cannot find Chrome binary 
Host info: host: 'runtime-swxtlnvtrtahcmhe-55cdc54bc7-mx25l', ip: '10.2.82.11'
Build info: version: '4.15.0', revision: '1d14b5521b'
System info: os.name: 'Linux', os.arch: 'amd64', os.version: '5.15.0-1078-gke', java.version: '17.0.15'
Driver info: org.openqa.selenium.chrome.ChromeDriver
Command: [null, newSession {capabilities=[Capabilities {browserName: chrome, goog:chromeOptions: {args: [--no-sandbox, --disable-dev-shm-usage, --disable-gpu, --window-size=1920,1080, --disable-extensions, --disable-web-security, --allow-running-insecure-co...], extensions: []}}]}]
	at org.openqa.selenium.remote.ProtocolHandshake.createSession(ProtocolHandshake.java:140)
	at org.openqa.selenium.remote.ProtocolHandshake.createSession(ProtocolHandshake.java:96)
	at org.openqa.selenium.remote.ProtocolHandshake.createSession(ProtocolHandshake.java:68)
	at org.openqa.selenium.remote.HttpCommandExecutor.execute(HttpCommandExecutor.java:163)
	at org.openqa.selenium.remote.service.DriverCommandExecutor.invokeExecute(DriverCommandExecutor.java:200)
	at org.openqa.selenium.remote.service.DriverCommandExecutor.execute(DriverCommandExecutor.java:175)
	at org.openqa.selenium.remote.RemoteWebDriver.execute(RemoteWebDriver.java:607)
	at org.openqa.selenium.remote.RemoteWebDriver.startSession(RemoteWebDriver.java:241)
	at org.openqa.selenium.remote.RemoteWebDriver.<init>(RemoteWebDriver.java:168)
	at org.openqa.selenium.chromium.ChromiumDriver.<init>(ChromiumDriver.java:108)
	at org.openqa.selenium.chrome.ChromeDriver.<init>(ChromeDriver.java:89)
	at org.openqa.selenium.chrome.ChromeDriver.<init>(ChromeDriver.java:84)
	at org.openqa.selenium.chrome.ChromeDriver.<init>(ChromeDriver.java:73)
	at com.prophecy.testing.config.WebDriverManager.createDriver(WebDriverManager.java:53)
	at com.prophecy.testing.config.WebDriverManager.initializeDriver(WebDriverManager.java:30)
	at com.prophecy.testing.hooks.TestHooks.setUp(TestHooks.java:42)

21:57:14.002 [main] INFO  com.prophecy.testing.hooks.TestHooks - Setting up API testing for scenario: Test individual data transformation stage
21:57:14.003 [main] INFO  com.prophecy.testing.hooks.TestHooks - API testing setup completed
  Given I have an existing pipeline with ID "customer_processing_pipeline_123"         # com.prophecy.testing.stepdefinitions.StageByStageTestSteps.i_have_an_existing_pipeline_with_id(java.lang.String)
  Given I have prepared test data with 1000 records matching the pipeline input schema # com.prophecy.testing.stepdefinitions.StageByStageTestSteps.i_have_prepared_test_data_with_records_matching_pipeline_input_schema(int)
  When I test stage "Data Cleansing" individually with the test data                   # com.prophecy.testing.stepdefinitions.StageByStageTestSteps.i_test_stage_individually_with_test_data(java.lang.String)
  Then stage "Data Cleansing" should execute successfully                              # com.prophecy.testing.stepdefinitions.StageByStageTestSteps.stage_should_execute_successfully(java.lang.String)
  And the output data from stage "Data Cleansing" should match the expected schema     # com.prophecy.testing.stepdefinitions.StageByStageTestSteps.the_output_data_from_stage_should_match_expected_schema(java.lang.String)
21:57:14.004 [main] INFO  com.prophecy.testing.hooks.TestHooks - === Finishing Test Scenario: Test individual data transformation stage ===
21:57:14.004 [main] ERROR com.prophecy.testing.hooks.TestHooks - Scenario failed: Test individual data transformation stage
21:57:14.004 [main] ERROR com.prophecy.testing.hooks.TestHooks - Error during scenario teardown: WebDriver is not initialized. Call initializeDriver() first.
21:57:14.004 [main] INFO  com.prophecy.testing.hooks.TestHooks - Test scenario teardown completed for: Test individual data transformation stage
]]></system-out>
  </testcase>
  <testcase name="runScenario[&quot;Test individual data filter stage&quot;, &quot;Stage-by-Stage Pipeline Testing&quot;](6)" classname="com.prophecy.testing.runners.StageByStageTestRunner" time="0.177">
    <failure message="Could not start a new session. Response code 500. Message: session not created&#10;from unknown error: cannot find Chrome binary &#10;Host info: host: &apos;runtime-swxtlnvtrtahcmhe-55cdc54bc7-mx25l&apos;, ip: &apos;10.2.82.11&apos;&#10;Build info: version: &apos;4.15.0&apos;, revision: &apos;1d14b5521b&apos;&#10;System info: os.name: &apos;Linux&apos;, os.arch: &apos;amd64&apos;, os.version: &apos;5.15.0-1078-gke&apos;, java.version: &apos;17.0.15&apos;&#10;Driver info: org.openqa.selenium.chrome.ChromeDriver&#10;Command: [null, newSession {capabilities=[Capabilities {browserName: chrome, goog:chromeOptions: {args: [--no-sandbox, --disable-dev-shm-usage, --disable-gpu, --window-size=1920,1080, --disable-extensions, --disable-web-security, --allow-running-insecure-co...], extensions: []}}]}]" type="org.openqa.selenium.SessionNotCreatedException"><![CDATA[org.openqa.selenium.SessionNotCreatedException: 
Could not start a new session. Response code 500. Message: session not created
from unknown error: cannot find Chrome binary 
Host info: host: 'runtime-swxtlnvtrtahcmhe-55cdc54bc7-mx25l', ip: '10.2.82.11'
Build info: version: '4.15.0', revision: '1d14b5521b'
System info: os.name: 'Linux', os.arch: 'amd64', os.version: '5.15.0-1078-gke', java.version: '17.0.15'
Driver info: org.openqa.selenium.chrome.ChromeDriver
Command: [null, newSession {capabilities=[Capabilities {browserName: chrome, goog:chromeOptions: {args: [--no-sandbox, --disable-dev-shm-usage, --disable-gpu, --window-size=1920,1080, --disable-extensions, --disable-web-security, --allow-running-insecure-co...], extensions: []}}]}]
	at org.openqa.selenium.remote.ProtocolHandshake.createSession(ProtocolHandshake.java:140)
	at org.openqa.selenium.remote.ProtocolHandshake.createSession(ProtocolHandshake.java:96)
	at org.openqa.selenium.remote.ProtocolHandshake.createSession(ProtocolHandshake.java:68)
	at org.openqa.selenium.remote.HttpCommandExecutor.execute(HttpCommandExecutor.java:163)
	at org.openqa.selenium.remote.service.DriverCommandExecutor.invokeExecute(DriverCommandExecutor.java:200)
	at org.openqa.selenium.remote.service.DriverCommandExecutor.execute(DriverCommandExecutor.java:175)
	at org.openqa.selenium.remote.RemoteWebDriver.execute(RemoteWebDriver.java:607)
	at org.openqa.selenium.remote.RemoteWebDriver.startSession(RemoteWebDriver.java:241)
	at org.openqa.selenium.remote.RemoteWebDriver.<init>(RemoteWebDriver.java:168)
	at org.openqa.selenium.chromium.ChromiumDriver.<init>(ChromiumDriver.java:108)
	at org.openqa.selenium.chrome.ChromeDriver.<init>(ChromeDriver.java:89)
	at org.openqa.selenium.chrome.ChromeDriver.<init>(ChromeDriver.java:84)
	at org.openqa.selenium.chrome.ChromeDriver.<init>(ChromeDriver.java:73)
	at com.prophecy.testing.config.WebDriverManager.createDriver(WebDriverManager.java:53)
	at com.prophecy.testing.config.WebDriverManager.initializeDriver(WebDriverManager.java:30)
	at com.prophecy.testing.hooks.TestHooks.setUp(TestHooks.java:42)
]]></failure>
    <system-out><![CDATA[
@stage-testing @api @individual-stage
Scenario: Test individual data filter stage                                            # src/test/resources/features/stage_by_stage_testing.feature:52
21:57:14.016 [main] INFO  com.prophecy.testing.hooks.TestHooks - === Starting Test Scenario: Test individual data filter stage ===
21:57:14.016 [main] INFO  com.prophecy.testing.config.WebDriverManager - Initializing chrome driver with headless: false
      org.openqa.selenium.SessionNotCreatedException: Could not start a new session. Response code 500. Message: session not created
from unknown error: cannot find Chrome binary 
Host info: host: 'runtime-swxtlnvtrtahcmhe-55cdc54bc7-mx25l', ip: '10.2.82.11'
Build info: version: '4.15.0', revision: '1d14b5521b'
System info: os.name: 'Linux', os.arch: 'amd64', os.version: '5.15.0-1078-gke', java.version: '17.0.15'
Driver info: org.openqa.selenium.chrome.ChromeDriver
Command: [null, newSession {capabilities=[Capabilities {browserName: chrome, goog:chromeOptions: {args: [--no-sandbox, --disable-dev-shm-usage, --disable-gpu, --window-size=1920,1080, --disable-extensions, --disable-web-security, --allow-running-insecure-co...], extensions: []}}]}]
	at org.openqa.selenium.remote.ProtocolHandshake.createSession(ProtocolHandshake.java:140)
	at org.openqa.selenium.remote.ProtocolHandshake.createSession(ProtocolHandshake.java:96)
	at org.openqa.selenium.remote.ProtocolHandshake.createSession(ProtocolHandshake.java:68)
	at org.openqa.selenium.remote.HttpCommandExecutor.execute(HttpCommandExecutor.java:163)
	at org.openqa.selenium.remote.service.DriverCommandExecutor.invokeExecute(DriverCommandExecutor.java:200)
	at org.openqa.selenium.remote.service.DriverCommandExecutor.execute(DriverCommandExecutor.java:175)
	at org.openqa.selenium.remote.RemoteWebDriver.execute(RemoteWebDriver.java:607)
	at org.openqa.selenium.remote.RemoteWebDriver.startSession(RemoteWebDriver.java:241)
	at org.openqa.selenium.remote.RemoteWebDriver.<init>(RemoteWebDriver.java:168)
	at org.openqa.selenium.chromium.ChromiumDriver.<init>(ChromiumDriver.java:108)
	at org.openqa.selenium.chrome.ChromeDriver.<init>(ChromeDriver.java:89)
	at org.openqa.selenium.chrome.ChromeDriver.<init>(ChromeDriver.java:84)
	at org.openqa.selenium.chrome.ChromeDriver.<init>(ChromeDriver.java:73)
	at com.prophecy.testing.config.WebDriverManager.createDriver(WebDriverManager.java:53)
	at com.prophecy.testing.config.WebDriverManager.initializeDriver(WebDriverManager.java:30)
	at com.prophecy.testing.hooks.TestHooks.setUp(TestHooks.java:42)

21:57:14.178 [main] INFO  com.prophecy.testing.hooks.TestHooks - Setting up API testing for scenario: Test individual data filter stage
21:57:14.178 [main] INFO  com.prophecy.testing.hooks.TestHooks - API testing setup completed
  Given I have an existing pipeline with ID "customer_processing_pipeline_123"         # com.prophecy.testing.stepdefinitions.StageByStageTestSteps.i_have_an_existing_pipeline_with_id(java.lang.String)
  Given I have prepared test data with 1000 records matching the pipeline input schema # com.prophecy.testing.stepdefinitions.StageByStageTestSteps.i_have_prepared_test_data_with_records_matching_pipeline_input_schema(int)
  When I test stage "Age Filter" individually with the test data                       # com.prophecy.testing.stepdefinitions.StageByStageTestSteps.i_test_stage_individually_with_test_data(java.lang.String)
  Then stage "Age Filter" should execute successfully                                  # com.prophecy.testing.stepdefinitions.StageByStageTestSteps.stage_should_execute_successfully(java.lang.String)
  And the output data from stage "Age Filter" should contain 800 records               # com.prophecy.testing.stepdefinitions.StageByStageTestSteps.the_output_data_from_stage_should_contain_records(java.lang.String,int)
21:57:14.179 [main] INFO  com.prophecy.testing.hooks.TestHooks - === Finishing Test Scenario: Test individual data filter stage ===
21:57:14.180 [main] ERROR com.prophecy.testing.hooks.TestHooks - Scenario failed: Test individual data filter stage
21:57:14.180 [main] ERROR com.prophecy.testing.hooks.TestHooks - Error during scenario teardown: WebDriver is not initialized. Call initializeDriver() first.
21:57:14.180 [main] INFO  com.prophecy.testing.hooks.TestHooks - Test scenario teardown completed for: Test individual data filter stage
]]></system-out>
  </testcase>
  <testcase name="runScenario[&quot;Test individual data aggregation stage&quot;, &quot;Stage-by-Stage Pipeline Testing&quot;](7)" classname="com.prophecy.testing.runners.StageByStageTestRunner" time="0.165">
    <failure message="Could not start a new session. Response code 500. Message: session not created&#10;from unknown error: cannot find Chrome binary &#10;Host info: host: &apos;runtime-swxtlnvtrtahcmhe-55cdc54bc7-mx25l&apos;, ip: &apos;10.2.82.11&apos;&#10;Build info: version: &apos;4.15.0&apos;, revision: &apos;1d14b5521b&apos;&#10;System info: os.name: &apos;Linux&apos;, os.arch: &apos;amd64&apos;, os.version: &apos;5.15.0-1078-gke&apos;, java.version: &apos;17.0.15&apos;&#10;Driver info: org.openqa.selenium.chrome.ChromeDriver&#10;Command: [null, newSession {capabilities=[Capabilities {browserName: chrome, goog:chromeOptions: {args: [--no-sandbox, --disable-dev-shm-usage, --disable-gpu, --window-size=1920,1080, --disable-extensions, --disable-web-security, --allow-running-insecure-co...], extensions: []}}]}]" type="org.openqa.selenium.SessionNotCreatedException"><![CDATA[org.openqa.selenium.SessionNotCreatedException: 
Could not start a new session. Response code 500. Message: session not created
from unknown error: cannot find Chrome binary 
Host info: host: 'runtime-swxtlnvtrtahcmhe-55cdc54bc7-mx25l', ip: '10.2.82.11'
Build info: version: '4.15.0', revision: '1d14b5521b'
System info: os.name: 'Linux', os.arch: 'amd64', os.version: '5.15.0-1078-gke', java.version: '17.0.15'
Driver info: org.openqa.selenium.chrome.ChromeDriver
Command: [null, newSession {capabilities=[Capabilities {browserName: chrome, goog:chromeOptions: {args: [--no-sandbox, --disable-dev-shm-usage, --disable-gpu, --window-size=1920,1080, --disable-extensions, --disable-web-security, --allow-running-insecure-co...], extensions: []}}]}]
	at org.openqa.selenium.remote.ProtocolHandshake.createSession(ProtocolHandshake.java:140)
	at org.openqa.selenium.remote.ProtocolHandshake.createSession(ProtocolHandshake.java:96)
	at org.openqa.selenium.remote.ProtocolHandshake.createSession(ProtocolHandshake.java:68)
	at org.openqa.selenium.remote.HttpCommandExecutor.execute(HttpCommandExecutor.java:163)
	at org.openqa.selenium.remote.service.DriverCommandExecutor.invokeExecute(DriverCommandExecutor.java:200)
	at org.openqa.selenium.remote.service.DriverCommandExecutor.execute(DriverCommandExecutor.java:175)
	at org.openqa.selenium.remote.RemoteWebDriver.execute(RemoteWebDriver.java:607)
	at org.openqa.selenium.remote.RemoteWebDriver.startSession(RemoteWebDriver.java:241)
	at org.openqa.selenium.remote.RemoteWebDriver.<init>(RemoteWebDriver.java:168)
	at org.openqa.selenium.chromium.ChromiumDriver.<init>(ChromiumDriver.java:108)
	at org.openqa.selenium.chrome.ChromeDriver.<init>(ChromeDriver.java:89)
	at org.openqa.selenium.chrome.ChromeDriver.<init>(ChromeDriver.java:84)
	at org.openqa.selenium.chrome.ChromeDriver.<init>(ChromeDriver.java:73)
	at com.prophecy.testing.config.WebDriverManager.createDriver(WebDriverManager.java:53)
	at com.prophecy.testing.config.WebDriverManager.initializeDriver(WebDriverManager.java:30)
	at com.prophecy.testing.hooks.TestHooks.setUp(TestHooks.java:42)
]]></failure>
    <system-out><![CDATA[
@stage-testing @api @individual-stage
Scenario: Test individual data aggregation stage                                       # src/test/resources/features/stage_by_stage_testing.feature:59
21:57:14.190 [main] INFO  com.prophecy.testing.hooks.TestHooks - === Starting Test Scenario: Test individual data aggregation stage ===
21:57:14.190 [main] INFO  com.prophecy.testing.config.WebDriverManager - Initializing chrome driver with headless: false
      org.openqa.selenium.SessionNotCreatedException: Could not start a new session. Response code 500. Message: session not created
from unknown error: cannot find Chrome binary 
Host info: host: 'runtime-swxtlnvtrtahcmhe-55cdc54bc7-mx25l', ip: '10.2.82.11'
Build info: version: '4.15.0', revision: '1d14b5521b'
System info: os.name: 'Linux', os.arch: 'amd64', os.version: '5.15.0-1078-gke', java.version: '17.0.15'
Driver info: org.openqa.selenium.chrome.ChromeDriver
Command: [null, newSession {capabilities=[Capabilities {browserName: chrome, goog:chromeOptions: {args: [--no-sandbox, --disable-dev-shm-usage, --disable-gpu, --window-size=1920,1080, --disable-extensions, --disable-web-security, --allow-running-insecure-co...], extensions: []}}]}]
	at org.openqa.selenium.remote.ProtocolHandshake.createSession(ProtocolHandshake.java:140)
	at org.openqa.selenium.remote.ProtocolHandshake.createSession(ProtocolHandshake.java:96)
	at org.openqa.selenium.remote.ProtocolHandshake.createSession(ProtocolHandshake.java:68)
	at org.openqa.selenium.remote.HttpCommandExecutor.execute(HttpCommandExecutor.java:163)
	at org.openqa.selenium.remote.service.DriverCommandExecutor.invokeExecute(DriverCommandExecutor.java:200)
	at org.openqa.selenium.remote.service.DriverCommandExecutor.execute(DriverCommandExecutor.java:175)
	at org.openqa.selenium.remote.RemoteWebDriver.execute(RemoteWebDriver.java:607)
	at org.openqa.selenium.remote.RemoteWebDriver.startSession(RemoteWebDriver.java:241)
	at org.openqa.selenium.remote.RemoteWebDriver.<init>(RemoteWebDriver.java:168)
	at org.openqa.selenium.chromium.ChromiumDriver.<init>(ChromiumDriver.java:108)
	at org.openqa.selenium.chrome.ChromeDriver.<init>(ChromeDriver.java:89)
	at org.openqa.selenium.chrome.ChromeDriver.<init>(ChromeDriver.java:84)
	at org.openqa.selenium.chrome.ChromeDriver.<init>(ChromeDriver.java:73)
	at com.prophecy.testing.config.WebDriverManager.createDriver(WebDriverManager.java:53)
	at com.prophecy.testing.config.WebDriverManager.initializeDriver(WebDriverManager.java:30)
	at com.prophecy.testing.hooks.TestHooks.setUp(TestHooks.java:42)

21:57:14.341 [main] INFO  com.prophecy.testing.hooks.TestHooks - Setting up API testing for scenario: Test individual data aggregation stage
21:57:14.341 [main] INFO  com.prophecy.testing.hooks.TestHooks - API testing setup completed
  Given I have an existing pipeline with ID "customer_processing_pipeline_123"         # com.prophecy.testing.stepdefinitions.StageByStageTestSteps.i_have_an_existing_pipeline_with_id(java.lang.String)
  Given I have prepared test data with 1000 records matching the pipeline input schema # com.prophecy.testing.stepdefinitions.StageByStageTestSteps.i_have_prepared_test_data_with_records_matching_pipeline_input_schema(int)
  When I test stage "City Aggregation" individually with the test data                 # com.prophecy.testing.stepdefinitions.StageByStageTestSteps.i_test_stage_individually_with_test_data(java.lang.String)
  Then stage "City Aggregation" should execute successfully                            # com.prophecy.testing.stepdefinitions.StageByStageTestSteps.stage_should_execute_successfully(java.lang.String)
  And the output data from stage "City Aggregation" should match the expected schema   # com.prophecy.testing.stepdefinitions.StageByStageTestSteps.the_output_data_from_stage_should_match_expected_schema(java.lang.String)
21:57:14.342 [main] INFO  com.prophecy.testing.hooks.TestHooks - === Finishing Test Scenario: Test individual data aggregation stage ===
21:57:14.342 [main] ERROR com.prophecy.testing.hooks.TestHooks - Scenario failed: Test individual data aggregation stage
21:57:14.342 [main] ERROR com.prophecy.testing.hooks.TestHooks - Error during scenario teardown: WebDriver is not initialized. Call initializeDriver() first.
21:57:14.343 [main] INFO  com.prophecy.testing.hooks.TestHooks - Test scenario teardown completed for: Test individual data aggregation stage
]]></system-out>
  </testcase>
  <testcase name="runScenario[&quot;Test individual data join stage&quot;, &quot;Stage-by-Stage Pipeline Testing&quot;](8)" classname="com.prophecy.testing.runners.StageByStageTestRunner" time="0.166">
    <failure message="Could not start a new session. Response code 500. Message: session not created&#10;from unknown error: cannot find Chrome binary &#10;Host info: host: &apos;runtime-swxtlnvtrtahcmhe-55cdc54bc7-mx25l&apos;, ip: &apos;10.2.82.11&apos;&#10;Build info: version: &apos;4.15.0&apos;, revision: &apos;1d14b5521b&apos;&#10;System info: os.name: &apos;Linux&apos;, os.arch: &apos;amd64&apos;, os.version: &apos;5.15.0-1078-gke&apos;, java.version: &apos;17.0.15&apos;&#10;Driver info: org.openqa.selenium.chrome.ChromeDriver&#10;Command: [null, newSession {capabilities=[Capabilities {browserName: chrome, goog:chromeOptions: {args: [--no-sandbox, --disable-dev-shm-usage, --disable-gpu, --window-size=1920,1080, --disable-extensions, --disable-web-security, --allow-running-insecure-co...], extensions: []}}]}]" type="org.openqa.selenium.SessionNotCreatedException"><![CDATA[org.openqa.selenium.SessionNotCreatedException: 
Could not start a new session. Response code 500. Message: session not created
from unknown error: cannot find Chrome binary 
Host info: host: 'runtime-swxtlnvtrtahcmhe-55cdc54bc7-mx25l', ip: '10.2.82.11'
Build info: version: '4.15.0', revision: '1d14b5521b'
System info: os.name: 'Linux', os.arch: 'amd64', os.version: '5.15.0-1078-gke', java.version: '17.0.15'
Driver info: org.openqa.selenium.chrome.ChromeDriver
Command: [null, newSession {capabilities=[Capabilities {browserName: chrome, goog:chromeOptions: {args: [--no-sandbox, --disable-dev-shm-usage, --disable-gpu, --window-size=1920,1080, --disable-extensions, --disable-web-security, --allow-running-insecure-co...], extensions: []}}]}]
	at org.openqa.selenium.remote.ProtocolHandshake.createSession(ProtocolHandshake.java:140)
	at org.openqa.selenium.remote.ProtocolHandshake.createSession(ProtocolHandshake.java:96)
	at org.openqa.selenium.remote.ProtocolHandshake.createSession(ProtocolHandshake.java:68)
	at org.openqa.selenium.remote.HttpCommandExecutor.execute(HttpCommandExecutor.java:163)
	at org.openqa.selenium.remote.service.DriverCommandExecutor.invokeExecute(DriverCommandExecutor.java:200)
	at org.openqa.selenium.remote.service.DriverCommandExecutor.execute(DriverCommandExecutor.java:175)
	at org.openqa.selenium.remote.RemoteWebDriver.execute(RemoteWebDriver.java:607)
	at org.openqa.selenium.remote.RemoteWebDriver.startSession(RemoteWebDriver.java:241)
	at org.openqa.selenium.remote.RemoteWebDriver.<init>(RemoteWebDriver.java:168)
	at org.openqa.selenium.chromium.ChromiumDriver.<init>(ChromiumDriver.java:108)
	at org.openqa.selenium.chrome.ChromeDriver.<init>(ChromeDriver.java:89)
	at org.openqa.selenium.chrome.ChromeDriver.<init>(ChromeDriver.java:84)
	at org.openqa.selenium.chrome.ChromeDriver.<init>(ChromeDriver.java:73)
	at com.prophecy.testing.config.WebDriverManager.createDriver(WebDriverManager.java:53)
	at com.prophecy.testing.config.WebDriverManager.initializeDriver(WebDriverManager.java:30)
	at com.prophecy.testing.hooks.TestHooks.setUp(TestHooks.java:42)
]]></failure>
    <system-out><![CDATA[
@stage-testing @api @individual-stage
Scenario: Test individual data join stage                                               # src/test/resources/features/stage_by_stage_testing.feature:66
21:57:14.354 [main] INFO  com.prophecy.testing.hooks.TestHooks - === Starting Test Scenario: Test individual data join stage ===
21:57:14.354 [main] INFO  com.prophecy.testing.config.WebDriverManager - Initializing chrome driver with headless: false
      org.openqa.selenium.SessionNotCreatedException: Could not start a new session. Response code 500. Message: session not created
from unknown error: cannot find Chrome binary 
Host info: host: 'runtime-swxtlnvtrtahcmhe-55cdc54bc7-mx25l', ip: '10.2.82.11'
Build info: version: '4.15.0', revision: '1d14b5521b'
System info: os.name: 'Linux', os.arch: 'amd64', os.version: '5.15.0-1078-gke', java.version: '17.0.15'
Driver info: org.openqa.selenium.chrome.ChromeDriver
Command: [null, newSession {capabilities=[Capabilities {browserName: chrome, goog:chromeOptions: {args: [--no-sandbox, --disable-dev-shm-usage, --disable-gpu, --window-size=1920,1080, --disable-extensions, --disable-web-security, --allow-running-insecure-co...], extensions: []}}]}]
	at org.openqa.selenium.remote.ProtocolHandshake.createSession(ProtocolHandshake.java:140)
	at org.openqa.selenium.remote.ProtocolHandshake.createSession(ProtocolHandshake.java:96)
	at org.openqa.selenium.remote.ProtocolHandshake.createSession(ProtocolHandshake.java:68)
	at org.openqa.selenium.remote.HttpCommandExecutor.execute(HttpCommandExecutor.java:163)
	at org.openqa.selenium.remote.service.DriverCommandExecutor.invokeExecute(DriverCommandExecutor.java:200)
	at org.openqa.selenium.remote.service.DriverCommandExecutor.execute(DriverCommandExecutor.java:175)
	at org.openqa.selenium.remote.RemoteWebDriver.execute(RemoteWebDriver.java:607)
	at org.openqa.selenium.remote.RemoteWebDriver.startSession(RemoteWebDriver.java:241)
	at org.openqa.selenium.remote.RemoteWebDriver.<init>(RemoteWebDriver.java:168)
	at org.openqa.selenium.chromium.ChromiumDriver.<init>(ChromiumDriver.java:108)
	at org.openqa.selenium.chrome.ChromeDriver.<init>(ChromeDriver.java:89)
	at org.openqa.selenium.chrome.ChromeDriver.<init>(ChromeDriver.java:84)
	at org.openqa.selenium.chrome.ChromeDriver.<init>(ChromeDriver.java:73)
	at com.prophecy.testing.config.WebDriverManager.createDriver(WebDriverManager.java:53)
	at com.prophecy.testing.config.WebDriverManager.initializeDriver(WebDriverManager.java:30)
	at com.prophecy.testing.hooks.TestHooks.setUp(TestHooks.java:42)

21:57:14.508 [main] INFO  com.prophecy.testing.hooks.TestHooks - Setting up API testing for scenario: Test individual data join stage
21:57:14.508 [main] INFO  com.prophecy.testing.hooks.TestHooks - API testing setup completed
  Given I have an existing pipeline with ID "customer_processing_pipeline_123"          # com.prophecy.testing.stepdefinitions.StageByStageTestSteps.i_have_an_existing_pipeline_with_id(java.lang.String)
  Given I have prepared test data with 1000 records matching the pipeline input schema  # com.prophecy.testing.stepdefinitions.StageByStageTestSteps.i_have_prepared_test_data_with_records_matching_pipeline_input_schema(int)
  When I test stage "Customer Enrichment" individually with the test data               # com.prophecy.testing.stepdefinitions.StageByStageTestSteps.i_test_stage_individually_with_test_data(java.lang.String)
  Then stage "Customer Enrichment" should execute successfully                          # com.prophecy.testing.stepdefinitions.StageByStageTestSteps.stage_should_execute_successfully(java.lang.String)
  And the output data from stage "Customer Enrichment" should match the expected schema # com.prophecy.testing.stepdefinitions.StageByStageTestSteps.the_output_data_from_stage_should_match_expected_schema(java.lang.String)
21:57:14.509 [main] INFO  com.prophecy.testing.hooks.TestHooks - === Finishing Test Scenario: Test individual data join stage ===
21:57:14.509 [main] ERROR com.prophecy.testing.hooks.TestHooks - Scenario failed: Test individual data join stage
21:57:14.509 [main] ERROR com.prophecy.testing.hooks.TestHooks - Error during scenario teardown: WebDriver is not initialized. Call initializeDriver() first.
21:57:14.510 [main] INFO  com.prophecy.testing.hooks.TestHooks - Test scenario teardown completed for: Test individual data join stage
]]></system-out>
  </testcase>
  <testcase name="runScenario[&quot;Test pipeline with invalid data format&quot;, &quot;Stage-by-Stage Pipeline Testing&quot;](9)" classname="com.prophecy.testing.runners.StageByStageTestRunner" time="0.158">
    <failure message="Could not start a new session. Response code 500. Message: session not created&#10;from unknown error: cannot find Chrome binary &#10;Host info: host: &apos;runtime-swxtlnvtrtahcmhe-55cdc54bc7-mx25l&apos;, ip: &apos;10.2.82.11&apos;&#10;Build info: version: &apos;4.15.0&apos;, revision: &apos;1d14b5521b&apos;&#10;System info: os.name: &apos;Linux&apos;, os.arch: &apos;amd64&apos;, os.version: &apos;5.15.0-1078-gke&apos;, java.version: &apos;17.0.15&apos;&#10;Driver info: org.openqa.selenium.chrome.ChromeDriver&#10;Command: [null, newSession {capabilities=[Capabilities {browserName: chrome, goog:chromeOptions: {args: [--no-sandbox, --disable-dev-shm-usage, --disable-gpu, --window-size=1920,1080, --disable-extensions, --disable-web-security, --allow-running-insecure-co...], extensions: []}}]}]" type="org.openqa.selenium.SessionNotCreatedException"><![CDATA[org.openqa.selenium.SessionNotCreatedException: 
Could not start a new session. Response code 500. Message: session not created
from unknown error: cannot find Chrome binary 
Host info: host: 'runtime-swxtlnvtrtahcmhe-55cdc54bc7-mx25l', ip: '10.2.82.11'
Build info: version: '4.15.0', revision: '1d14b5521b'
System info: os.name: 'Linux', os.arch: 'amd64', os.version: '5.15.0-1078-gke', java.version: '17.0.15'
Driver info: org.openqa.selenium.chrome.ChromeDriver
Command: [null, newSession {capabilities=[Capabilities {browserName: chrome, goog:chromeOptions: {args: [--no-sandbox, --disable-dev-shm-usage, --disable-gpu, --window-size=1920,1080, --disable-extensions, --disable-web-security, --allow-running-insecure-co...], extensions: []}}]}]
	at org.openqa.selenium.remote.ProtocolHandshake.createSession(ProtocolHandshake.java:140)
	at org.openqa.selenium.remote.ProtocolHandshake.createSession(ProtocolHandshake.java:96)
	at org.openqa.selenium.remote.ProtocolHandshake.createSession(ProtocolHandshake.java:68)
	at org.openqa.selenium.remote.HttpCommandExecutor.execute(HttpCommandExecutor.java:163)
	at org.openqa.selenium.remote.service.DriverCommandExecutor.invokeExecute(DriverCommandExecutor.java:200)
	at org.openqa.selenium.remote.service.DriverCommandExecutor.execute(DriverCommandExecutor.java:175)
	at org.openqa.selenium.remote.RemoteWebDriver.execute(RemoteWebDriver.java:607)
	at org.openqa.selenium.remote.RemoteWebDriver.startSession(RemoteWebDriver.java:241)
	at org.openqa.selenium.remote.RemoteWebDriver.<init>(RemoteWebDriver.java:168)
	at org.openqa.selenium.chromium.ChromiumDriver.<init>(ChromiumDriver.java:108)
	at org.openqa.selenium.chrome.ChromeDriver.<init>(ChromeDriver.java:89)
	at org.openqa.selenium.chrome.ChromeDriver.<init>(ChromeDriver.java:84)
	at org.openqa.selenium.chrome.ChromeDriver.<init>(ChromeDriver.java:73)
	at com.prophecy.testing.config.WebDriverManager.createDriver(WebDriverManager.java:53)
	at com.prophecy.testing.config.WebDriverManager.initializeDriver(WebDriverManager.java:30)
	at com.prophecy.testing.hooks.TestHooks.setUp(TestHooks.java:42)
]]></failure>
    <system-out><![CDATA[
@stage-testing @api @negative
Scenario: Test pipeline with invalid data format                                   # src/test/resources/features/stage_by_stage_testing.feature:73
21:57:14.520 [main] INFO  com.prophecy.testing.hooks.TestHooks - === Starting Test Scenario: Test pipeline with invalid data format ===
21:57:14.520 [main] INFO  com.prophecy.testing.config.WebDriverManager - Initializing chrome driver with headless: false
      org.openqa.selenium.SessionNotCreatedException: Could not start a new session. Response code 500. Message: session not created
from unknown error: cannot find Chrome binary 
Host info: host: 'runtime-swxtlnvtrtahcmhe-55cdc54bc7-mx25l', ip: '10.2.82.11'
Build info: version: '4.15.0', revision: '1d14b5521b'
System info: os.name: 'Linux', os.arch: 'amd64', os.version: '5.15.0-1078-gke', java.version: '17.0.15'
Driver info: org.openqa.selenium.chrome.ChromeDriver
Command: [null, newSession {capabilities=[Capabilities {browserName: chrome, goog:chromeOptions: {args: [--no-sandbox, --disable-dev-shm-usage, --disable-gpu, --window-size=1920,1080, --disable-extensions, --disable-web-security, --allow-running-insecure-co...], extensions: []}}]}]
	at org.openqa.selenium.remote.ProtocolHandshake.createSession(ProtocolHandshake.java:140)
	at org.openqa.selenium.remote.ProtocolHandshake.createSession(ProtocolHandshake.java:96)
	at org.openqa.selenium.remote.ProtocolHandshake.createSession(ProtocolHandshake.java:68)
	at org.openqa.selenium.remote.HttpCommandExecutor.execute(HttpCommandExecutor.java:163)
	at org.openqa.selenium.remote.service.DriverCommandExecutor.invokeExecute(DriverCommandExecutor.java:200)
	at org.openqa.selenium.remote.service.DriverCommandExecutor.execute(DriverCommandExecutor.java:175)
	at org.openqa.selenium.remote.RemoteWebDriver.execute(RemoteWebDriver.java:607)
	at org.openqa.selenium.remote.RemoteWebDriver.startSession(RemoteWebDriver.java:241)
	at org.openqa.selenium.remote.RemoteWebDriver.<init>(RemoteWebDriver.java:168)
	at org.openqa.selenium.chromium.ChromiumDriver.<init>(ChromiumDriver.java:108)
	at org.openqa.selenium.chrome.ChromeDriver.<init>(ChromeDriver.java:89)
	at org.openqa.selenium.chrome.ChromeDriver.<init>(ChromeDriver.java:84)
	at org.openqa.selenium.chrome.ChromeDriver.<init>(ChromeDriver.java:73)
	at com.prophecy.testing.config.WebDriverManager.createDriver(WebDriverManager.java:53)
	at com.prophecy.testing.config.WebDriverManager.initializeDriver(WebDriverManager.java:30)
	at com.prophecy.testing.hooks.TestHooks.setUp(TestHooks.java:42)

21:57:14.669 [main] INFO  com.prophecy.testing.hooks.TestHooks - Setting up API testing for scenario: Test pipeline with invalid data format
21:57:14.669 [main] INFO  com.prophecy.testing.hooks.TestHooks - API testing setup completed
  Given I have an existing pipeline with ID "customer_processing_pipeline_123"     # com.prophecy.testing.stepdefinitions.StageByStageTestSteps.i_have_an_existing_pipeline_with_id(java.lang.String)
  Given I have prepared test data with custom schema:                              # com.prophecy.testing.stepdefinitions.StageByStageTestSteps.i_have_prepared_test_data_with_custom_schema(io.cucumber.datatable.DataTable)
    | Field Name | Data Type | Nullable | Description       |
    | invalid_id | STRING    | false    | Invalid ID format |
    | bad_email  | INTEGER   | false    | Wrong email type  |
  When I execute the pipeline stage by stage with the test data                    # com.prophecy.testing.stepdefinitions.StageByStageTestSteps.i_execute_the_pipeline_stage_by_stage_with_test_data()
  Then stage "Data Validation" should fail with error containing "schema mismatch" # com.prophecy.testing.stepdefinitions.StageByStageTestSteps.stage_should_fail_with_error_containing(java.lang.String,java.lang.String)
21:57:14.670 [main] INFO  com.prophecy.testing.hooks.TestHooks - === Finishing Test Scenario: Test pipeline with invalid data format ===
21:57:14.670 [main] ERROR com.prophecy.testing.hooks.TestHooks - Scenario failed: Test pipeline with invalid data format
21:57:14.670 [main] ERROR com.prophecy.testing.hooks.TestHooks - Error during scenario teardown: WebDriver is not initialized. Call initializeDriver() first.
21:57:14.671 [main] INFO  com.prophecy.testing.hooks.TestHooks - Test scenario teardown completed for: Test pipeline with invalid data format
]]></system-out>
  </testcase>
  <testcase name="runScenario[&quot;Test pipeline with missing required fields&quot;, &quot;Stage-by-Stage Pipeline Testing&quot;](10)" classname="com.prophecy.testing.runners.StageByStageTestRunner" time="0.155">
    <failure message="Could not start a new session. Response code 500. Message: session not created&#10;from unknown error: cannot find Chrome binary &#10;Host info: host: &apos;runtime-swxtlnvtrtahcmhe-55cdc54bc7-mx25l&apos;, ip: &apos;10.2.82.11&apos;&#10;Build info: version: &apos;4.15.0&apos;, revision: &apos;1d14b5521b&apos;&#10;System info: os.name: &apos;Linux&apos;, os.arch: &apos;amd64&apos;, os.version: &apos;5.15.0-1078-gke&apos;, java.version: &apos;17.0.15&apos;&#10;Driver info: org.openqa.selenium.chrome.ChromeDriver&#10;Command: [null, newSession {capabilities=[Capabilities {browserName: chrome, goog:chromeOptions: {args: [--no-sandbox, --disable-dev-shm-usage, --disable-gpu, --window-size=1920,1080, --disable-extensions, --disable-web-security, --allow-running-insecure-co...], extensions: []}}]}]" type="org.openqa.selenium.SessionNotCreatedException"><![CDATA[org.openqa.selenium.SessionNotCreatedException: 
Could not start a new session. Response code 500. Message: session not created
from unknown error: cannot find Chrome binary 
Host info: host: 'runtime-swxtlnvtrtahcmhe-55cdc54bc7-mx25l', ip: '10.2.82.11'
Build info: version: '4.15.0', revision: '1d14b5521b'
System info: os.name: 'Linux', os.arch: 'amd64', os.version: '5.15.0-1078-gke', java.version: '17.0.15'
Driver info: org.openqa.selenium.chrome.ChromeDriver
Command: [null, newSession {capabilities=[Capabilities {browserName: chrome, goog:chromeOptions: {args: [--no-sandbox, --disable-dev-shm-usage, --disable-gpu, --window-size=1920,1080, --disable-extensions, --disable-web-security, --allow-running-insecure-co...], extensions: []}}]}]
	at org.openqa.selenium.remote.ProtocolHandshake.createSession(ProtocolHandshake.java:140)
	at org.openqa.selenium.remote.ProtocolHandshake.createSession(ProtocolHandshake.java:96)
	at org.openqa.selenium.remote.ProtocolHandshake.createSession(ProtocolHandshake.java:68)
	at org.openqa.selenium.remote.HttpCommandExecutor.execute(HttpCommandExecutor.java:163)
	at org.openqa.selenium.remote.service.DriverCommandExecutor.invokeExecute(DriverCommandExecutor.java:200)
	at org.openqa.selenium.remote.service.DriverCommandExecutor.execute(DriverCommandExecutor.java:175)
	at org.openqa.selenium.remote.RemoteWebDriver.execute(RemoteWebDriver.java:607)
	at org.openqa.selenium.remote.RemoteWebDriver.startSession(RemoteWebDriver.java:241)
	at org.openqa.selenium.remote.RemoteWebDriver.<init>(RemoteWebDriver.java:168)
	at org.openqa.selenium.chromium.ChromiumDriver.<init>(ChromiumDriver.java:108)
	at org.openqa.selenium.chrome.ChromeDriver.<init>(ChromeDriver.java:89)
	at org.openqa.selenium.chrome.ChromeDriver.<init>(ChromeDriver.java:84)
	at org.openqa.selenium.chrome.ChromeDriver.<init>(ChromeDriver.java:73)
	at com.prophecy.testing.config.WebDriverManager.createDriver(WebDriverManager.java:53)
	at com.prophecy.testing.config.WebDriverManager.initializeDriver(WebDriverManager.java:30)
	at com.prophecy.testing.hooks.TestHooks.setUp(TestHooks.java:42)
]]></failure>
    <system-out><![CDATA[
@stage-testing @api @negative
Scenario: Test pipeline with missing required fields                                       # src/test/resources/features/stage_by_stage_testing.feature:82
21:57:14.679 [main] INFO  com.prophecy.testing.hooks.TestHooks - === Starting Test Scenario: Test pipeline with missing required fields ===
21:57:14.679 [main] INFO  com.prophecy.testing.config.WebDriverManager - Initializing chrome driver with headless: false
[...]
	at com.prophecy.testing.config.WebDriverManager.createDriver(WebDriverManager.java:53)
	at com.prophecy.testing.config.WebDriverManager.initializeDriver(WebDriverManager.java:30)
	at com.prophecy.testing.hooks.TestHooks.setUp(TestHooks.java:42)
]]></failure>
    <system-out><![CDATA[
@stage-testing @api @regression
Scenario Outline: Test pipeline with different data volumes                             # src/test/resources/features/stage_by_stage_testing.feature:119
21:57:15.640 [main] INFO  com.prophecy.testing.hooks.TestHooks - === Starting Test Scenario: Test pipeline with different data volumes ===
21:57:15.640 [main] INFO  com.prophecy.testing.config.WebDriverManager - Initializing chrome driver with headless: false
      org.openqa.selenium.SessionNotCreatedException: Could not start a new session. Response code 500. Message: session not created
from unknown error: cannot find Chrome binary 
Host info: host: 'runtime-swxtlnvtrtahcmhe-55cdc54bc7-mx25l', ip: '10.2.82.11'
Build info: version: '4.15.0', revision: '1d14b5521b'
System info: os.name: 'Linux', os.arch: 'amd64', os.version: '5.15.0-1078-gke', java.version: '17.0.15'
Driver info: org.openqa.selenium.chrome.ChromeDriver
Command: [null, newSession {capabilities=[Capabilities {browserName: chrome, goog:chromeOptions: {args: [--no-sandbox, --disable-dev-shm-usage, --disable-gpu, --window-size=1920,1080, --disable-extensions, --disable-web-security, --allow-running-insecure-co...], extensions: []}}]}]
	at org.openqa.selenium.remote.ProtocolHandshake.createSession(ProtocolHandshake.java:140)
	at org.openqa.selenium.remote.ProtocolHandshake.createSession(ProtocolHandshake.java:96)
	at org.openqa.selenium.remote.ProtocolHandshake.createSession(ProtocolHandshake.java:68)
	at org.openqa.selenium.remote.HttpCommandExecutor.execute(HttpCommandExecutor.java:163)
	at org.openqa.selenium.remote.service.DriverCommandExecutor.invokeExecute(DriverCommandExecutor.java:200)
	at org.openqa.selenium.remote.service.DriverCommandExecutor.execute(DriverCommandExecutor.java:175)
	at org.openqa.selenium.remote.RemoteWebDriver.execute(RemoteWebDriver.java:607)
	at org.openqa.selenium.remote.RemoteWebDriver.startSession(RemoteWebDriver.java:241)
	at org.openqa.selenium.remote.RemoteWebDriver.<init>(RemoteWebDriver.java:168)
	at org.openqa.selenium.chromium.ChromiumDriver.<init>(ChromiumDriver.java:108)
	at org.openqa.selenium.chrome.ChromeDriver.<init>(ChromeDriver.java:89)
	at org.openqa.selenium.chrome.ChromeDriver.<init>(ChromeDriver.java:84)
	at org.openqa.selenium.chrome.ChromeDriver.<init>(ChromeDriver.java:73)
	at com.prophecy.testing.config.WebDriverManager.createDriver(WebDriverManager.java:53)
	at com.prophecy.testing.config.WebDriverManager.initializeDriver(WebDriverManager.java:30)
	at com.prophecy.testing.hooks.TestHooks.setUp(TestHooks.java:42)

21:57:15.789 [main] INFO  com.prophecy.testing.hooks.TestHooks - Setting up API testing for scenario: Test pipeline with different data volumes
21:57:15.790 [main] INFO  com.prophecy.testing.hooks.TestHooks - API testing setup completed
  Given I have an existing pipeline with ID "customer_processing_pipeline_123"          # com.prophecy.testing.stepdefinitions.StageByStageTestSteps.i_have_an_existing_pipeline_with_id(java.lang.String)
  Given I have prepared test data with 10000 records matching the pipeline input schema # com.prophecy.testing.stepdefinitions.StageByStageTestSteps.i_have_prepared_test_data_with_records_matching_pipeline_input_schema(int)
  When I execute the pipeline stage by stage with the test data                         # com.prophecy.testing.stepdefinitions.StageByStageTestSteps.i_execute_the_pipeline_stage_by_stage_with_test_data()
  Then all pipeline stages should execute successfully                                  # com.prophecy.testing.stepdefinitions.StageByStageTestSteps.all_pipeline_stages_should_execute_successfully()
  And I should be able to trace data flow through all stages                            # com.prophecy.testing.stepdefinitions.StageByStageTestSteps.i_should_be_able_to_trace_data_flow_through_all_stages()
21:57:15.790 [main] INFO  com.prophecy.testing.hooks.TestHooks - === Finishing Test Scenario: Test pipeline with different data volumes ===
21:57:15.791 [main] ERROR com.prophecy.testing.hooks.TestHooks - Scenario failed: Test pipeline with different data volumes
21:57:15.791 [main] ERROR com.prophecy.testing.hooks.TestHooks - Error during scenario teardown: WebDriver is not initialized. Call initializeDriver() first.
21:57:15.791 [main] INFO  com.prophecy.testing.hooks.TestHooks - Test scenario teardown completed for: Test pipeline with different data volumes
]]></system-out>
  </testcase>
  <testcase name="runScenario[&quot;Test pipeline with empty dataset&quot;, &quot;Stage-by-Stage Pipeline Testing&quot;](17)" classname="com.prophecy.testing.runners.StageByStageTestRunner" time="0.141">
    <failure message="Could not start a new session. Response code 500. Message: session not created&#10;from unknown error: cannot find Chrome binary &#10;Host info: host: &apos;runtime-swxtlnvtrtahcmhe-55cdc54bc7-mx25l&apos;, ip: &apos;10.2.82.11&apos;&#10;Build info: version: &apos;4.15.0&apos;, revision: &apos;1d14b5521b&apos;&#10;System info: os.name: &apos;Linux&apos;, os.arch: &apos;amd64&apos;, os.version: &apos;5.15.0-1078-gke&apos;, java.version: &apos;17.0.15&apos;&#10;Driver info: org.openqa.selenium.chrome.ChromeDriver&#10;Command: [null, newSession {capabilities=[Capabilities {browserName: chrome, goog:chromeOptions: {args: [--no-sandbox, --disable-dev-shm-usage, --disable-gpu, --window-size=1920,1080, --disable-extensions, --disable-web-security, --allow-running-insecure-co...], extensions: []}}]}]" type="org.openqa.selenium.SessionNotCreatedException"><![CDATA[org.openqa.selenium.SessionNotCreatedException: 
Could not start a new session. Response code 500. Message: session not created
from unknown error: cannot find Chrome binary 
Host info: host: 'runtime-swxtlnvtrtahcmhe-55cdc54bc7-mx25l', ip: '10.2.82.11'
Build info: version: '4.15.0', revision: '1d14b5521b'
System info: os.name: 'Linux', os.arch: 'amd64', os.version: '5.15.0-1078-gke', java.version: '17.0.15'
Driver info: org.openqa.selenium.chrome.ChromeDriver
Command: [null, newSession {capabilities=[Capabilities {browserName: chrome, goog:chromeOptions: {args: [--no-sandbox, --disable-dev-shm-usage, --disable-gpu, --window-size=1920,1080, --disable-extensions, --disable-web-security, --allow-running-insecure-co...], extensions: []}}]}]
	at org.openqa.selenium.remote.ProtocolHandshake.createSession(ProtocolHandshake.java:140)
	at org.openqa.selenium.remote.ProtocolHandshake.createSession(ProtocolHandshake.java:96)
	at org.openqa.selenium.remote.ProtocolHandshake.createSession(ProtocolHandshake.java:68)
	at org.openqa.selenium.remote.HttpCommandExecutor.execute(HttpCommandExecutor.java:163)
	at org.openqa.selenium.remote.service.DriverCommandExecutor.invokeExecute(DriverCommandExecutor.java:200)
	at org.openqa.selenium.remote.service.DriverCommandExecutor.execute(DriverCommandExecutor.java:175)
	at org.openqa.selenium.remote.RemoteWebDriver.execute(RemoteWebDriver.java:607)
	at org.openqa.selenium.remote.RemoteWebDriver.startSession(RemoteWebDriver.java:241)
	at org.openqa.selenium.remote.RemoteWebDriver.<init>(RemoteWebDriver.java:168)
	at org.openqa.selenium.chromium.ChromiumDriver.<init>(ChromiumDriver.java:108)
	at org.openqa.selenium.chrome.ChromeDriver.<init>(ChromeDriver.java:89)
	at org.openqa.selenium.chrome.ChromeDriver.<init>(ChromeDriver.java:84)
	at org.openqa.selenium.chrome.ChromeDriver.<init>(ChromeDriver.java:73)
	at com.prophecy.testing.config.WebDriverManager.createDriver(WebDriverManager.java:53)
	at com.prophecy.testing.config.WebDriverManager.initializeDriver(WebDriverManager.java:30)
	at com.prophecy.testing.hooks.TestHooks.setUp(TestHooks.java:42)
]]></failure>
    <system-out><![CDATA[
@stage-testing @api @edge-cases
Scenario: Test pipeline with empty dataset                                          # src/test/resources/features/stage_by_stage_testing.feature:122
21:57:15.797 [main] INFO  com.prophecy.testing.hooks.TestHooks - === Starting Test Scenario: Test pipeline with empty dataset ===
21:57:15.797 [main] INFO  com.prophecy.testing.config.WebDriverManager - Initializing chrome driver with headless: false
      org.openqa.selenium.SessionNotCreatedException: Could not start a new session. Response code 500. Message: session not created
from unknown error: cannot find Chrome binary 
Host info: host: 'runtime-swxtlnvtrtahcmhe-55cdc54bc7-mx25l', ip: '10.2.82.11'
Build info: version: '4.15.0', revision: '1d14b5521b'
System info: os.name: 'Linux', os.arch: 'amd64', os.version: '5.15.0-1078-gke', java.version: '17.0.15'
Driver info: org.openqa.selenium.chrome.ChromeDriver
Command: [null, newSession {capabilities=[Capabilities {browserName: chrome, goog:chromeOptions: {args: [--no-sandbox, --disable-dev-shm-usage, --disable-gpu, --window-size=1920,1080, --disable-extensions, --disable-web-security, --allow-running-insecure-co...], extensions: []}}]}]
	at org.openqa.selenium.remote.ProtocolHandshake.createSession(ProtocolHandshake.java:140)
	at org.openqa.selenium.remote.ProtocolHandshake.createSession(ProtocolHandshake.java:96)
	at org.openqa.selenium.remote.ProtocolHandshake.createSession(ProtocolHandshake.java:68)
	at org.openqa.selenium.remote.HttpCommandExecutor.execute(HttpCommandExecutor.java:163)
	at org.openqa.selenium.remote.service.DriverCommandExecutor.invokeExecute(DriverCommandExecutor.java:200)
	at org.openqa.selenium.remote.service.DriverCommandExecutor.execute(DriverCommandExecutor.java:175)
	at org.openqa.selenium.remote.RemoteWebDriver.execute(RemoteWebDriver.java:607)
	at org.openqa.selenium.remote.RemoteWebDriver.startSession(RemoteWebDriver.java:241)
	at org.openqa.selenium.remote.RemoteWebDriver.<init>(RemoteWebDriver.java:168)
	at org.openqa.selenium.chromium.ChromiumDriver.<init>(ChromiumDriver.java:108)
	at org.openqa.selenium.chrome.ChromeDriver.<init>(ChromeDriver.java:89)
	at org.openqa.selenium.chrome.ChromeDriver.<init>(ChromeDriver.java:84)
	at org.openqa.selenium.chrome.ChromeDriver.<init>(ChromeDriver.java:73)
	at com.prophecy.testing.config.WebDriverManager.createDriver(WebDriverManager.java:53)
	at com.prophecy.testing.config.WebDriverManager.initializeDriver(WebDriverManager.java:30)
	at com.prophecy.testing.hooks.TestHooks.setUp(TestHooks.java:42)

21:57:15.943 [main] INFO  com.prophecy.testing.hooks.TestHooks - Setting up API testing for scenario: Test pipeline with empty dataset
21:57:15.943 [main] INFO  com.prophecy.testing.hooks.TestHooks - API testing setup completed
  Given I have an existing pipeline with ID "customer_processing_pipeline_123"      # com.prophecy.testing.stepdefinitions.StageByStageTestSteps.i_have_an_existing_pipeline_with_id(java.lang.String)
  Given I have prepared test data with 0 records matching the pipeline input schema # com.prophecy.testing.stepdefinitions.StageByStageTestSteps.i_have_prepared_test_data_with_records_matching_pipeline_input_schema(int)
  When I execute the pipeline stage by stage with the test data                     # com.prophecy.testing.stepdefinitions.StageByStageTestSteps.i_execute_the_pipeline_stage_by_stage_with_test_data()
  Then all pipeline stages should execute successfully                              # com.prophecy.testing.stepdefinitions.StageByStageTestSteps.all_pipeline_stages_should_execute_successfully()
  And the output data from stage "Final Output" should contain 0 records            # com.prophecy.testing.stepdefinitions.StageByStageTestSteps.the_output_data_from_stage_should_contain_records(java.lang.String,int)
21:57:15.944 [main] INFO  com.prophecy.testing.hooks.TestHooks - === Finishing Test Scenario: Test pipeline with empty dataset ===
21:57:15.944 [main] ERROR com.prophecy.testing.hooks.TestHooks - Scenario failed: Test pipeline with empty dataset
21:57:15.945 [main] ERROR com.prophecy.testing.hooks.TestHooks - Error during scenario teardown: WebDriver is not initialized. Call initializeDriver() first.
21:57:15.945 [main] INFO  com.prophecy.testing.hooks.TestHooks - Test scenario teardown completed for: Test pipeline with empty dataset
]]></system-out>
  </testcase>
  <testcase name="runScenario[&quot;Test pipeline with single record&quot;, &quot;Stage-by-Stage Pipeline Testing&quot;](18)" classname="com.prophecy.testing.runners.StageByStageTestRunner" time="0.166">
    <failure message="Could not start a new session. Response code 500. Message: session not created&#10;from unknown error: cannot find Chrome binary &#10;Host info: host: &apos;runtime-swxtlnvtrtahcmhe-55cdc54bc7-mx25l&apos;, ip: &apos;10.2.82.11&apos;&#10;Build info: version: &apos;4.15.0&apos;, revision: &apos;1d14b5521b&apos;&#10;System info: os.name: &apos;Linux&apos;, os.arch: &apos;amd64&apos;, os.version: &apos;5.15.0-1078-gke&apos;, java.version: &apos;17.0.15&apos;&#10;Driver info: org.openqa.selenium.chrome.ChromeDriver&#10;Command: [null, newSession {capabilities=[Capabilities {browserName: chrome, goog:chromeOptions: {args: [--no-sandbox, --disable-dev-shm-usage, --disable-gpu, --window-size=1920,1080, --disable-extensions, --disable-web-security, --allow-running-insecure-co...], extensions: []}}]}]" type="org.openqa.selenium.SessionNotCreatedException"><![CDATA[org.openqa.selenium.SessionNotCreatedException: 
Could not start a new session. Response code 500. Message: session not created
from unknown error: cannot find Chrome binary 
Host info: host: 'runtime-swxtlnvtrtahcmhe-55cdc54bc7-mx25l', ip: '10.2.82.11'
Build info: version: '4.15.0', revision: '1d14b5521b'
System info: os.name: 'Linux', os.arch: 'amd64', os.version: '5.15.0-1078-gke', java.version: '17.0.15'
Driver info: org.openqa.selenium.chrome.ChromeDriver
Command: [null, newSession {capabilities=[Capabilities {browserName: chrome, goog:chromeOptions: {args: [--no-sandbox, --disable-dev-shm-usage, --disable-gpu, --window-size=1920,1080, --disable-extensions, --disable-web-security, --allow-running-insecure-co...], extensions: []}}]}]
	at org.openqa.selenium.remote.ProtocolHandshake.createSession(ProtocolHandshake.java:140)
	at org.openqa.selenium.remote.ProtocolHandshake.createSession(ProtocolHandshake.java:96)
	at org.openqa.selenium.remote.ProtocolHandshake.createSession(ProtocolHandshake.java:68)
	at org.openqa.selenium.remote.HttpCommandExecutor.execute(HttpCommandExecutor.java:163)
	at org.openqa.selenium.remote.service.DriverCommandExecutor.invokeExecute(DriverCommandExecutor.java:200)
	at org.openqa.selenium.remote.service.DriverCommandExecutor.execute(DriverCommandExecutor.java:175)
	at org.openqa.selenium.remote.RemoteWebDriver.execute(RemoteWebDriver.java:607)
	at org.openqa.selenium.remote.RemoteWebDriver.startSession(RemoteWebDriver.java:241)
	at org.openqa.selenium.remote.RemoteWebDriver.<init>(RemoteWebDriver.java:168)
	at org.openqa.selenium.chromium.ChromiumDriver.<init>(ChromiumDriver.java:108)
	at org.openqa.selenium.chrome.ChromeDriver.<init>(ChromeDriver.java:89)
	at org.openqa.selenium.chrome.ChromeDriver.<init>(ChromeDriver.java:84)
	at org.openqa.selenium.chrome.ChromeDriver.<init>(ChromeDriver.java:73)
	at com.prophecy.testing.config.WebDriverManager.createDriver(WebDriverManager.java:53)
	at com.prophecy.testing.config.WebDriverManager.initializeDriver(WebDriverManager.java:30)
	at com.prophecy.testing.hooks.TestHooks.setUp(TestHooks.java:42)
]]></failure>
    <system-out><![CDATA[
@stage-testing @api @edge-cases
Scenario: Test pipeline with single record                                          # src/test/resources/features/stage_by_stage_testing.feature:129
21:57:15.951 [main] INFO  com.prophecy.testing.hooks.TestHooks - === Starting Test Scenario: Test pipeline with single record ===
21:57:15.951 [main] INFO  com.prophecy.testing.config.WebDriverManager - Initializing chrome driver with headless: false
      org.openqa.selenium.SessionNotCreatedException: Could not start a new session. Response code 500. Message: session not created
from unknown error: cannot find Chrome binary 
Host info: host: 'runtime-swxtlnvtrtahcmhe-55cdc54bc7-mx25l', ip: '10.2.82.11'
Build info: version: '4.15.0', revision: '1d14b5521b'
System info: os.name: 'Linux', os.arch: 'amd64', os.version: '5.15.0-1078-gke', java.version: '17.0.15'
Driver info: org.openqa.selenium.chrome.ChromeDriver
Command: [null, newSession {capabilities=[Capabilities {browserName: chrome, goog:chromeOptions: {args: [--no-sandbox, --disable-dev-shm-usage, --disable-gpu, --window-size=1920,1080, --disable-extensions, --disable-web-security, --allow-running-insecure-co...], extensions: []}}]}]
	at org.openqa.selenium.remote.ProtocolHandshake.createSession(ProtocolHandshake.java:140)
	at org.openqa.selenium.remote.ProtocolHandshake.createSession(ProtocolHandshake.java:96)
	at org.openqa.selenium.remote.ProtocolHandshake.createSession(ProtocolHandshake.java:68)
	at org.openqa.selenium.remote.HttpCommandExecutor.execute(HttpCommandExecutor.java:163)
	at org.openqa.selenium.remote.service.DriverCommandExecutor.invokeExecute(DriverCommandExecutor.java:200)
	at org.openqa.selenium.remote.service.DriverCommandExecutor.execute(DriverCommandExecutor.java:175)
	at org.openqa.selenium.remote.RemoteWebDriver.execute(RemoteWebDriver.java:607)
	at org.openqa.selenium.remote.RemoteWebDriver.startSession(RemoteWebDriver.java:241)
	at org.openqa.selenium.remote.RemoteWebDriver.<init>(RemoteWebDriver.java:168)
	at org.openqa.selenium.chromium.ChromiumDriver.<init>(ChromiumDriver.java:108)
	at org.openqa.selenium.chrome.ChromeDriver.<init>(ChromeDriver.java:89)
	at org.openqa.selenium.chrome.ChromeDriver.<init>(ChromeDriver.java:84)
	at org.openqa.selenium.chrome.ChromeDriver.<init>(ChromeDriver.java:73)
	at com.prophecy.testing.config.WebDriverManager.createDriver(WebDriverManager.java:53)
	at com.prophecy.testing.config.WebDriverManager.initializeDriver(WebDriverManager.java:30)
	at com.prophecy.testing.hooks.TestHooks.setUp(TestHooks.java:42)

21:57:16.109 [main] INFO  com.prophecy.testing.hooks.TestHooks - Setting up API testing for scenario: Test pipeline with single record
21:57:16.109 [main] INFO  com.prophecy.testing.hooks.TestHooks - API testing setup completed
  Given I have an existing pipeline with ID "customer_processing_pipeline_123"      # com.prophecy.testing.stepdefinitions.StageByStageTestSteps.i_have_an_existing_pipeline_with_id(java.lang.String)
  Given I have prepared test data with 1 records matching the pipeline input schema # com.prophecy.testing.stepdefinitions.StageByStageTestSteps.i_have_prepared_test_data_with_records_matching_pipeline_input_schema(int)
  When I execute the pipeline stage by stage with the test data                     # com.prophecy.testing.stepdefinitions.StageByStageTestSteps.i_execute_the_pipeline_stage_by_stage_with_test_data()
  Then all pipeline stages should execute successfully                              # com.prophecy.testing.stepdefinitions.StageByStageTestSteps.all_pipeline_stages_should_execute_successfully()
  And the output data from stage "Final Output" should contain 1 records            # com.prophecy.testing.stepdefinitions.StageByStageTestSteps.the_output_data_from_stage_should_contain_records(java.lang.String,int)
21:57:16.110 [main] INFO  com.prophecy.testing.hooks.TestHooks - === Finishing Test Scenario: Test pipeline with single record ===
21:57:16.110 [main] ERROR com.prophecy.testing.hooks.TestHooks - Scenario failed: Test pipeline with single record
21:57:16.110 [main] ERROR com.prophecy.testing.hooks.TestHooks - Error during scenario teardown: WebDriver is not initialized. Call initializeDriver() first.
21:57:16.110 [main] INFO  com.prophecy.testing.hooks.TestHooks - Test scenario teardown completed for: Test pipeline with single record
]]></system-out>
  </testcase>
</testsuite>